<?xml version="1.0" encoding="utf-8"?>
<CoverageSession xmlns:xsd="http://www.w3.org/2001/XMLSchema" xmlns:xsi="http://www.w3.org/2001/XMLSchema-instance" Version="0.0.0.0">
  <Summary numSequencePoints="3279" visitedSequencePoints="0" numBranchPoints="0" visitedBranchPoints="0" sequenceCoverage="0.0" branchCoverage="0.0" maxCyclomaticComplexity="0" minCyclomaticComplexity="0" maxCrapScore="0" minCrapScore="0" visitedClasses="0" numClasses="90" visitedMethods="0" numMethods="406" />
  <Modules>
    <Module>
      <Summary numSequencePoints="3279" visitedSequencePoints="0" numBranchPoints="0" visitedBranchPoints="0" sequenceCoverage="0.0" branchCoverage="0.0" maxCyclomaticComplexity="0" minCyclomaticComplexity="0" maxCrapScore="0" minCrapScore="0" visitedClasses="0" numClasses="90" visitedMethods="0" numMethods="406" />
      <ModuleTime>0001-01-01T00:00:00</ModuleTime>
      <ModuleName>Assembly-CSharp</ModuleName>
      <Files>
        <File uid="1" fullPath="C:/Users/18970/My project (2)/Assets/Level1 c#/DoorController.cs" />
        <File uid="2" fullPath="C:/Users/18970/My project (2)/Assets/Level1 c#/scene1/CameraFollow2D.cs" />
        <File uid="3" fullPath="C:/Users/18970/My project (2)/Assets/Level1 c#/scene1/DontDestroyPlayer.cs" />
        <File uid="4" fullPath="C:/Users/18970/My project (2)/Assets/Level1 c#/scene1/Mirror.cs" />
        <File uid="5" fullPath="C:/Users/18970/My project (2)/Assets/Level1 c#/scene1/MirrorManager.cs" />
        <File uid="6" fullPath="C:/Users/18970/My project (2)/Assets/Level1 c#/scene1/PlayerController2D.cs" />
        <File uid="7" fullPath="C:/Users/18970/My project (2)/Assets/Level1 c#/scene1/SafeAreaDeath.cs" />
        <File uid="8" fullPath="C:/Users/18970/My project (2)/Assets/Level1 c#/scene1/SimpleDoor.cs" />
        <File uid="9" fullPath="C:/Users/18970/My project (2)/Assets/Level1 c#/Scene2Player.cs" />
        <File uid="10" fullPath="C:/Users/18970/My project (2)/Assets/Level1 c#/SmallRoomMirror.cs" />
        <File uid="11" fullPath="C:/Users/18970/My project (2)/Assets/Level1 c#/SmallRoomMirrorManager.cs" />
        <File uid="12" fullPath="C:/Users/18970/My project (2)/Assets/Level1 c#/TextFadeController.cs" />
        <File uid="13" fullPath="C:/Users/18970/My project (2)/Assets/Scripts/BoxMovement.cs" />
        <File uid="14" fullPath="C:/Users/18970/My project (2)/Assets/Scripts/ButtonController.cs" />
        <File uid="15" fullPath="C:/Users/18970/My project (2)/Assets/Scripts/ElevatorController.cs" />
        <File uid="16" fullPath="C:/Users/18970/My project (2)/Assets/Scripts/PlayerClimb.cs" />
        <File uid="17" fullPath="C:/Users/18970/My project (2)/Assets/Scripts/PlayerLife.cs" />
        <File uid="18" fullPath="C:/Users/18970/My project (2)/Assets/Scripts/PlayerMovement.cs" />
        <File uid="19" fullPath="C:/Users/18970/My project (2)/Assets/Scripts/RisingTraps.cs" />
        <File uid="20" fullPath="C:/Users/18970/My project (2)/Assets/Scripts/SawRotate.cs" />
        <File uid="21" fullPath="C:/Users/18970/My project (2)/Assets/Scripts/SpikeDamage.cs" />
        <File uid="22" fullPath="C:/Users/18970/My project (2)/Assets/Scripts/SpikeToggleController.cs" />
        <File uid="23" fullPath="C:/Users/18970/My project (2)/Assets/Scripts/UI/EndingVideoPlayer.cs" />
        <File uid="24" fullPath="C:/Users/18970/My project (2)/Assets/Scripts/UI/EndMenu.cs" />
        <File uid="25" fullPath="C:/Users/18970/My project (2)/Assets/Scripts/UI/MainMenu.cs" />
        <File uid="26" fullPath="C:/Users/18970/My project (2)/Assets/Scripts/UI/SaveManager.cs" />
        <File uid="27" fullPath="C:/Users/18970/My project (2)/Assets/Scripts/Waypoints.cs" />
        <File uid="28" fullPath="C:/Users/18970/My project (2)/Assets/TextMesh Pro/Examples &amp; Extras/Scripts/ChatController.cs" />
        <File uid="29" fullPath="C:/Users/18970/My project (2)/Assets/TextMesh Pro/Examples &amp; Extras/Scripts/DropdownSample.cs" />
        <File uid="30" fullPath="C:/Users/18970/My project (2)/Assets/TextMesh Pro/Examples &amp; Extras/Scripts/EnvMapAnimator.cs" />
        <File uid="31" fullPath="C:/Users/18970/My project (2)/Assets/TextMesh Pro/Examples &amp; Extras/Scripts/TMP_DigitValidator.cs" />
        <File uid="32" fullPath="C:/Users/18970/My project (2)/Assets/TextMesh Pro/Examples &amp; Extras/Scripts/TMP_PhoneNumberValidator.cs" />
        <File uid="33" fullPath="C:/Users/18970/My project (2)/Assets/TextMesh Pro/Examples &amp; Extras/Scripts/TMP_TextEventHandler.cs" />
        <File uid="34" fullPath="C:/Users/18970/My project (2)/Assets/TextMesh Pro/Examples &amp; Extras/Scripts/Benchmark02.cs" />
        <File uid="35" fullPath="C:/Users/18970/My project (2)/Assets/TextMesh Pro/Examples &amp; Extras/Scripts/Benchmark03.cs" />
        <File uid="36" fullPath="C:/Users/18970/My project (2)/Assets/TextMesh Pro/Examples &amp; Extras/Scripts/Benchmark04.cs" />
        <File uid="37" fullPath="C:/Users/18970/My project (2)/Assets/TextMesh Pro/Examples &amp; Extras/Scripts/CameraController.cs" />
        <File uid="38" fullPath="C:/Users/18970/My project (2)/Assets/TextMesh Pro/Examples &amp; Extras/Scripts/ObjectSpin.cs" />
        <File uid="39" fullPath="C:/Users/18970/My project (2)/Assets/TextMesh Pro/Examples &amp; Extras/Scripts/ShaderPropAnimator.cs" />
        <File uid="40" fullPath="C:/Users/18970/My project (2)/Assets/TextMesh Pro/Examples &amp; Extras/Scripts/SimpleScript.cs" />
        <File uid="41" fullPath="C:/Users/18970/My project (2)/Assets/TextMesh Pro/Examples &amp; Extras/Scripts/SkewTextExample.cs" />
        <File uid="42" fullPath="C:/Users/18970/My project (2)/Assets/TextMesh Pro/Examples &amp; Extras/Scripts/TeleType.cs" />
        <File uid="43" fullPath="C:/Users/18970/My project (2)/Assets/TextMesh Pro/Examples &amp; Extras/Scripts/TextConsoleSimulator.cs" />
        <File uid="44" fullPath="C:/Users/18970/My project (2)/Assets/TextMesh Pro/Examples &amp; Extras/Scripts/TextMeshProFloatingText.cs" />
        <File uid="45" fullPath="C:/Users/18970/My project (2)/Assets/TextMesh Pro/Examples &amp; Extras/Scripts/TextMeshSpawner.cs" />
        <File uid="46" fullPath="C:/Users/18970/My project (2)/Assets/TextMesh Pro/Examples &amp; Extras/Scripts/TMPro_InstructionOverlay.cs" />
        <File uid="47" fullPath="C:/Users/18970/My project (2)/Assets/TextMesh Pro/Examples &amp; Extras/Scripts/TMP_ExampleScript_01.cs" />
        <File uid="48" fullPath="C:/Users/18970/My project (2)/Assets/TextMesh Pro/Examples &amp; Extras/Scripts/TMP_FrameRateCounter.cs" />
        <File uid="49" fullPath="C:/Users/18970/My project (2)/Assets/TextMesh Pro/Examples &amp; Extras/Scripts/TMP_TextEventCheck.cs" />
        <File uid="50" fullPath="C:/Users/18970/My project (2)/Assets/TextMesh Pro/Examples &amp; Extras/Scripts/TMP_TextInfoDebugTool.cs" />
        <File uid="51" fullPath="C:/Users/18970/My project (2)/Assets/TextMesh Pro/Examples &amp; Extras/Scripts/TMP_TextSelector_A.cs" />
        <File uid="52" fullPath="C:/Users/18970/My project (2)/Assets/TextMesh Pro/Examples &amp; Extras/Scripts/TMP_TextSelector_B.cs" />
        <File uid="53" fullPath="C:/Users/18970/My project (2)/Assets/TextMesh Pro/Examples &amp; Extras/Scripts/TMP_UiFrameRateCounter.cs" />
        <File uid="54" fullPath="C:/Users/18970/My project (2)/Assets/TextMesh Pro/Examples &amp; Extras/Scripts/VertexColorCycler.cs" />
        <File uid="55" fullPath="C:/Users/18970/My project (2)/Assets/TextMesh Pro/Examples &amp; Extras/Scripts/VertexJitter.cs" />
        <File uid="56" fullPath="C:/Users/18970/My project (2)/Assets/TextMesh Pro/Examples &amp; Extras/Scripts/VertexShakeA.cs" />
        <File uid="57" fullPath="C:/Users/18970/My project (2)/Assets/TextMesh Pro/Examples &amp; Extras/Scripts/VertexShakeB.cs" />
        <File uid="58" fullPath="C:/Users/18970/My project (2)/Assets/TextMesh Pro/Examples &amp; Extras/Scripts/VertexZoom.cs" />
        <File uid="59" fullPath="C:/Users/18970/My project (2)/Assets/TextMesh Pro/Examples &amp; Extras/Scripts/WarpTextExample.cs" />
        <File uid="60" fullPath="C:/Users/18970/My project (2)/Assets/TextMesh Pro/Examples &amp; Extras/Scripts/Benchmark01.cs" />
        <File uid="61" fullPath="C:/Users/18970/My project (2)/Assets/TextMesh Pro/Examples &amp; Extras/Scripts/Benchmark01_UGUI.cs" />
      </Files>
      <Classes>
        <Class>
          <Summary numSequencePoints="287" visitedSequencePoints="0" numBranchPoints="0" visitedBranchPoints="0" sequenceCoverage="0.0" branchCoverage="0.0" maxCyclomaticComplexity="0" minCyclomaticComplexity="0" maxCrapScore="0" minCrapScore="0" visitedClasses="0" numClasses="1" visitedMethods="0" numMethods="24" />
          <FullName>DoorController</FullName>
          <Methods>
            <Method visited="false" cyclomaticComplexity="0" nPathComplexity="0" sequenceCoverage="0.0" branchCoverage="0" crapScore="0" isConstructor="false" isStatic="false" isGetter="false" isSetter="false">
              <Summary numSequencePoints="3" visitedSequencePoints="0" numBranchPoints="0" visitedBranchPoints="0" sequenceCoverage="0.0" branchCoverage="0" maxCyclomaticComplexity="0" minCyclomaticComplexity="0" maxCrapScore="0" minCrapScore="0" visitedClasses="0" numClasses="0" visitedMethods="0" numMethods="1" />
              <MetadataToken>100663297</MetadataToken>
              <Name>System.Void DoorController::Awake()</Name>
              <FileRef uid="1" />
              <SequencePoints>
                <SequencePoint vc="0" uspid="1" ordinal="0" offset="0" sl="57" sc="0" el="57" ec="0" bec="0" bev="0" fileid="1" />
                <SequencePoint vc="0" uspid="2" ordinal="0" offset="6" sl="58" sc="0" el="58" ec="0" bec="0" bev="0" fileid="1" />
                <SequencePoint vc="0" uspid="3" ordinal="0" offset="12" sl="59" sc="0" el="59" ec="0" bec="0" bev="0" fileid="1" />
              </SequencePoints>
              <BranchPoints />
            </Method>
            <Method visited="false" cyclomaticComplexity="0" nPathComplexity="0" sequenceCoverage="0.0" branchCoverage="0" crapScore="0" isConstructor="false" isStatic="false" isGetter="false" isSetter="false">
              <Summary numSequencePoints="11" visitedSequencePoints="0" numBranchPoints="0" visitedBranchPoints="0" sequenceCoverage="0.0" branchCoverage="0" maxCyclomaticComplexity="0" minCyclomaticComplexity="0" maxCrapScore="0" minCrapScore="0" visitedClasses="0" numClasses="0" visitedMethods="0" numMethods="1" />
              <MetadataToken>100663298</MetadataToken>
              <Name>System.Void DoorController::Start()</Name>
              <FileRef uid="1" />
              <SequencePoints>
                <SequencePoint vc="0" uspid="4" ordinal="0" offset="0" sl="63" sc="0" el="63" ec="0" bec="0" bev="0" fileid="1" />
                <SequencePoint vc="0" uspid="5" ordinal="0" offset="8" sl="63" sc="0" el="63" ec="0" bec="0" bev="0" fileid="1" />
                <SequencePoint vc="0" uspid="6" ordinal="0" offset="18" sl="66" sc="0" el="66" ec="0" bec="0" bev="0" fileid="1" />
                <SequencePoint vc="0" uspid="7" ordinal="0" offset="31" sl="68" sc="0" el="68" ec="0" bec="0" bev="0" fileid="1" />
                <SequencePoint vc="0" uspid="8" ordinal="0" offset="47" sl="69" sc="0" el="69" ec="0" bec="0" bev="0" fileid="1" />
                <SequencePoint vc="0" uspid="9" ordinal="0" offset="77" sl="73" sc="0" el="73" ec="0" bec="0" bev="0" fileid="1" />
                <SequencePoint vc="0" uspid="10" ordinal="0" offset="87" sl="74" sc="0" el="74" ec="0" bec="0" bev="0" fileid="1" />
                <SequencePoint vc="0" uspid="11" ordinal="0" offset="100" sl="75" sc="0" el="75" ec="0" bec="0" bev="0" fileid="1" />
                <SequencePoint vc="0" uspid="12" ordinal="0" offset="128" sl="79" sc="0" el="79" ec="0" bec="0" bev="0" fileid="1" />
                <SequencePoint vc="0" uspid="13" ordinal="0" offset="134" sl="82" sc="0" el="82" ec="0" bec="0" bev="0" fileid="1" />
                <SequencePoint vc="0" uspid="14" ordinal="0" offset="140" sl="83" sc="0" el="83" ec="0" bec="0" bev="0" fileid="1" />
              </SequencePoints>
              <BranchPoints />
            </Method>
            <Method visited="false" cyclomaticComplexity="0" nPathComplexity="0" sequenceCoverage="0.0" branchCoverage="0" crapScore="0" isConstructor="false" isStatic="false" isGetter="false" isSetter="false">
              <Summary numSequencePoints="8" visitedSequencePoints="0" numBranchPoints="0" visitedBranchPoints="0" sequenceCoverage="0.0" branchCoverage="0" maxCyclomaticComplexity="0" minCyclomaticComplexity="0" maxCrapScore="0" minCrapScore="0" visitedClasses="0" numClasses="0" visitedMethods="0" numMethods="1" />
              <MetadataToken>100663299</MetadataToken>
              <Name>System.Void DoorController::ForceCloseSelectionUI()</Name>
              <FileRef uid="1" />
              <SequencePoints>
                <SequencePoint vc="0" uspid="15" ordinal="0" offset="0" sl="88" sc="0" el="88" ec="0" bec="0" bev="0" fileid="1" />
                <SequencePoint vc="0" uspid="16" ordinal="0" offset="14" sl="90" sc="0" el="90" ec="0" bec="0" bev="0" fileid="1" />
                <SequencePoint vc="0" uspid="17" ordinal="0" offset="26" sl="91" sc="0" el="91" ec="0" bec="0" bev="0" fileid="1" />
                <SequencePoint vc="0" uspid="18" ordinal="0" offset="33" sl="92" sc="0" el="92" ec="0" bec="0" bev="0" fileid="1" />
                <SequencePoint vc="0" uspid="19" ordinal="0" offset="43" sl="93" sc="0" el="93" ec="0" bec="0" bev="0" fileid="1" />
                <SequencePoint vc="0" uspid="20" ordinal="0" offset="51" sl="93" sc="0" el="93" ec="0" bec="0" bev="0" fileid="1" />
                <SequencePoint vc="0" uspid="21" ordinal="0" offset="62" sl="97" sc="0" el="97" ec="0" bec="0" bev="0" fileid="1" />
                <SequencePoint vc="0" uspid="22" ordinal="0" offset="72" sl="99" sc="0" el="99" ec="0" bec="0" bev="0" fileid="1" />
              </SequencePoints>
              <BranchPoints />
            </Method>
            <Method visited="false" cyclomaticComplexity="0" nPathComplexity="0" sequenceCoverage="0.0" branchCoverage="0" crapScore="0" isConstructor="false" isStatic="false" isGetter="false" isSetter="false">
              <Summary numSequencePoints="29" visitedSequencePoints="0" numBranchPoints="0" visitedBranchPoints="0" sequenceCoverage="0.0" branchCoverage="0" maxCyclomaticComplexity="0" minCyclomaticComplexity="0" maxCrapScore="0" minCrapScore="0" visitedClasses="0" numClasses="0" visitedMethods="0" numMethods="1" />
              <MetadataToken>100663300</MetadataToken>
              <Name>System.Void DoorController::InitializeComponents()</Name>
              <FileRef uid="1" />
              <SequencePoints>
                <SequencePoint vc="0" uspid="23" ordinal="0" offset="0" sl="105" sc="0" el="105" ec="0" bec="0" bev="0" fileid="1" />
                <SequencePoint vc="0" uspid="24" ordinal="0" offset="12" sl="106" sc="0" el="106" ec="0" bec="0" bev="0" fileid="1" />
                <SequencePoint vc="0" uspid="25" ordinal="0" offset="26" sl="108" sc="0" el="108" ec="0" bec="0" bev="0" fileid="1" />
                <SequencePoint vc="0" uspid="26" ordinal="0" offset="43" sl="109" sc="0" el="109" ec="0" bec="0" bev="0" fileid="1" />
                <SequencePoint vc="0" uspid="27" ordinal="0" offset="51" sl="109" sc="0" el="109" ec="0" bec="0" bev="0" fileid="1" />
                <SequencePoint vc="0" uspid="28" ordinal="0" offset="61" sl="113" sc="0" el="113" ec="0" bec="0" bev="0" fileid="1" />
                <SequencePoint vc="0" uspid="29" ordinal="0" offset="73" sl="114" sc="0" el="114" ec="0" bec="0" bev="0" fileid="1" />
                <SequencePoint vc="0" uspid="30" ordinal="0" offset="87" sl="116" sc="0" el="116" ec="0" bec="0" bev="0" fileid="1" />
                <SequencePoint vc="0" uspid="31" ordinal="0" offset="104" sl="117" sc="0" el="117" ec="0" bec="0" bev="0" fileid="1" />
                <SequencePoint vc="0" uspid="32" ordinal="0" offset="112" sl="117" sc="0" el="117" ec="0" bec="0" bev="0" fileid="1" />
                <SequencePoint vc="0" uspid="33" ordinal="0" offset="122" sl="121" sc="0" el="121" ec="0" bec="0" bev="0" fileid="1" />
                <SequencePoint vc="0" uspid="34" ordinal="0" offset="134" sl="122" sc="0" el="122" ec="0" bec="0" bev="0" fileid="1" />
                <SequencePoint vc="0" uspid="35" ordinal="0" offset="150" sl="123" sc="0" el="123" ec="0" bec="0" bev="0" fileid="1" />
                <SequencePoint vc="0" uspid="36" ordinal="0" offset="176" sl="125" sc="0" el="125" ec="0" bec="0" bev="0" fileid="1" />
                <SequencePoint vc="0" uspid="37" ordinal="0" offset="184" sl="127" sc="0" el="127" ec="0" bec="0" bev="0" fileid="1" />
                <SequencePoint vc="0" uspid="38" ordinal="0" offset="194" sl="128" sc="0" el="128" ec="0" bec="0" bev="0" fileid="1" />
                <SequencePoint vc="0" uspid="39" ordinal="0" offset="225" sl="129" sc="0" el="129" ec="0" bec="0" bev="0" fileid="1" />
                <SequencePoint vc="0" uspid="40" ordinal="0" offset="256" sl="130" sc="0" el="130" ec="0" bec="0" bev="0" fileid="1" />
                <SequencePoint vc="0" uspid="41" ordinal="0" offset="287" sl="134" sc="0" el="134" ec="0" bec="0" bev="0" fileid="1" />
                <SequencePoint vc="0" uspid="42" ordinal="0" offset="299" sl="135" sc="0" el="135" ec="0" bec="0" bev="0" fileid="1" />
                <SequencePoint vc="0" uspid="43" ordinal="0" offset="313" sl="137" sc="0" el="137" ec="0" bec="0" bev="0" fileid="1" />
                <SequencePoint vc="0" uspid="44" ordinal="0" offset="330" sl="138" sc="0" el="138" ec="0" bec="0" bev="0" fileid="1" />
                <SequencePoint vc="0" uspid="45" ordinal="0" offset="338" sl="138" sc="0" el="138" ec="0" bec="0" bev="0" fileid="1" />
                <SequencePoint vc="0" uspid="46" ordinal="0" offset="348" sl="142" sc="0" el="142" ec="0" bec="0" bev="0" fileid="1" />
                <SequencePoint vc="0" uspid="47" ordinal="0" offset="362" sl="144" sc="0" el="144" ec="0" bec="0" bev="0" fileid="1" />
                <SequencePoint vc="0" uspid="48" ordinal="0" offset="379" sl="145" sc="0" el="145" ec="0" bec="0" bev="0" fileid="1" />
                <SequencePoint vc="0" uspid="49" ordinal="0" offset="387" sl="145" sc="0" el="145" ec="0" bec="0" bev="0" fileid="1" />
                <SequencePoint vc="0" uspid="50" ordinal="0" offset="398" sl="149" sc="0" el="149" ec="0" bec="0" bev="0" fileid="1" />
                <SequencePoint vc="0" uspid="51" ordinal="0" offset="408" sl="151" sc="0" el="151" ec="0" bec="0" bev="0" fileid="1" />
              </SequencePoints>
              <BranchPoints />
            </Method>
            <Method visited="false" cyclomaticComplexity="0" nPathComplexity="0" sequenceCoverage="0.0" branchCoverage="0" crapScore="0" isConstructor="false" isStatic="false" isGetter="false" isSetter="false">
              <Summary numSequencePoints="21" visitedSequencePoints="0" numBranchPoints="0" visitedBranchPoints="0" sequenceCoverage="0.0" branchCoverage="0" maxCyclomaticComplexity="0" minCyclomaticComplexity="0" maxCrapScore="0" minCrapScore="0" visitedClasses="0" numClasses="0" visitedMethods="0" numMethods="1" />
              <MetadataToken>100663301</MetadataToken>
              <Name>System.Void DoorController::InitializeUI()</Name>
              <FileRef uid="1" />
              <SequencePoints>
                <SequencePoint vc="0" uspid="52" ordinal="0" offset="0" sl="156" sc="0" el="156" ec="0" bec="0" bev="0" fileid="1" />
                <SequencePoint vc="0" uspid="53" ordinal="0" offset="14" sl="158" sc="0" el="158" ec="0" bec="0" bev="0" fileid="1" />
                <SequencePoint vc="0" uspid="54" ordinal="0" offset="24" sl="159" sc="0" el="159" ec="0" bec="0" bev="0" fileid="1" />
                <SequencePoint vc="0" uspid="55" ordinal="0" offset="25" sl="162" sc="0" el="162" ec="0" bec="0" bev="0" fileid="1" />
                <SequencePoint vc="0" uspid="56" ordinal="0" offset="33" sl="162" sc="0" el="162" ec="0" bec="0" bev="0" fileid="1" />
                <SequencePoint vc="0" uspid="57" ordinal="0" offset="61" sl="165" sc="0" el="165" ec="0" bec="0" bev="0" fileid="1" />
                <SequencePoint vc="0" uspid="58" ordinal="0" offset="81" sl="167" sc="0" el="167" ec="0" bec="0" bev="0" fileid="1" />
                <SequencePoint vc="0" uspid="59" ordinal="0" offset="97" sl="169" sc="0" el="169" ec="0" bec="0" bev="0" fileid="1" />
                <SequencePoint vc="0" uspid="60" ordinal="0" offset="120" sl="170" sc="0" el="170" ec="0" bec="0" bev="0" fileid="1" />
                <SequencePoint vc="0" uspid="61" ordinal="0" offset="122" sl="173" sc="0" el="173" ec="0" bec="0" bev="0" fileid="1" />
                <SequencePoint vc="0" uspid="62" ordinal="0" offset="129" sl="174" sc="0" el="174" ec="0" bec="0" bev="0" fileid="1" />
                <SequencePoint vc="0" uspid="63" ordinal="0" offset="147" sl="175" sc="0" el="175" ec="0" bec="0" bev="0" fileid="1" />
                <SequencePoint vc="0" uspid="64" ordinal="0" offset="177" sl="178" sc="0" el="178" ec="0" bec="0" bev="0" fileid="1" />
                <SequencePoint vc="0" uspid="65" ordinal="0" offset="192" sl="165" sc="0" el="165" ec="0" bec="0" bev="0" fileid="1" />
                <SequencePoint vc="0" uspid="66" ordinal="0" offset="196" sl="165" sc="0" el="165" ec="0" bec="0" bev="0" fileid="1" />
                <SequencePoint vc="0" uspid="67" ordinal="0" offset="214" sl="182" sc="0" el="182" ec="0" bec="0" bev="0" fileid="1" />
                <SequencePoint vc="0" uspid="68" ordinal="0" offset="227" sl="183" sc="0" el="183" ec="0" bec="0" bev="0" fileid="1" />
                <SequencePoint vc="0" uspid="69" ordinal="0" offset="236" sl="185" sc="0" el="185" ec="0" bec="0" bev="0" fileid="1" />
                <SequencePoint vc="0" uspid="70" ordinal="0" offset="259" sl="186" sc="0" el="186" ec="0" bec="0" bev="0" fileid="1" />
                <SequencePoint vc="0" uspid="71" ordinal="0" offset="267" sl="186" sc="0" el="186" ec="0" bec="0" bev="0" fileid="1" />
                <SequencePoint vc="0" uspid="72" ordinal="0" offset="277" sl="188" sc="0" el="188" ec="0" bec="0" bev="0" fileid="1" />
              </SequencePoints>
              <BranchPoints />
            </Method>
            <Method visited="false" cyclomaticComplexity="0" nPathComplexity="0" sequenceCoverage="0.0" branchCoverage="0" crapScore="0" isConstructor="false" isStatic="false" isGetter="false" isSetter="false">
              <Summary numSequencePoints="15" visitedSequencePoints="0" numBranchPoints="0" visitedBranchPoints="0" sequenceCoverage="0.0" branchCoverage="0" maxCyclomaticComplexity="0" minCyclomaticComplexity="0" maxCrapScore="0" minCrapScore="0" visitedClasses="0" numClasses="0" visitedMethods="0" numMethods="1" />
              <MetadataToken>100663302</MetadataToken>
              <Name>System.Void DoorController::SetButtonText(UnityEngine.UI.Button, System.Int32)</Name>
              <FileRef uid="1" />
              <SequencePoints>
                <SequencePoint vc="0" uspid="73" ordinal="0" offset="0" sl="193" sc="0" el="193" ec="0" bec="0" bev="0" fileid="1" />
                <SequencePoint vc="0" uspid="74" ordinal="0" offset="40" sl="196" sc="0" el="196" ec="0" bec="0" bev="0" fileid="1" />
                <SequencePoint vc="0" uspid="75" ordinal="0" offset="47" sl="197" sc="0" el="197" ec="0" bec="0" bev="0" fileid="1" />
                <SequencePoint vc="0" uspid="76" ordinal="0" offset="56" sl="199" sc="0" el="199" ec="0" bec="0" bev="0" fileid="1" />
                <SequencePoint vc="0" uspid="77" ordinal="0" offset="63" sl="200" sc="0" el="200" ec="0" bec="0" bev="0" fileid="1" />
                <SequencePoint vc="0" uspid="78" ordinal="0" offset="71" sl="200" sc="0" el="200" ec="0" bec="0" bev="0" fileid="1" />
                <SequencePoint vc="0" uspid="79" ordinal="0" offset="95" sl="201" sc="0" el="201" ec="0" bec="0" bev="0" fileid="1" />
                <SequencePoint vc="0" uspid="80" ordinal="0" offset="96" sl="205" sc="0" el="205" ec="0" bec="0" bev="0" fileid="1" />
                <SequencePoint vc="0" uspid="81" ordinal="0" offset="103" sl="206" sc="0" el="206" ec="0" bec="0" bev="0" fileid="1" />
                <SequencePoint vc="0" uspid="82" ordinal="0" offset="112" sl="208" sc="0" el="208" ec="0" bec="0" bev="0" fileid="1" />
                <SequencePoint vc="0" uspid="83" ordinal="0" offset="119" sl="209" sc="0" el="209" ec="0" bec="0" bev="0" fileid="1" />
                <SequencePoint vc="0" uspid="84" ordinal="0" offset="127" sl="209" sc="0" el="209" ec="0" bec="0" bev="0" fileid="1" />
                <SequencePoint vc="0" uspid="85" ordinal="0" offset="151" sl="210" sc="0" el="210" ec="0" bec="0" bev="0" fileid="1" />
                <SequencePoint vc="0" uspid="86" ordinal="0" offset="152" sl="213" sc="0" el="213" ec="0" bec="0" bev="0" fileid="1" />
                <SequencePoint vc="0" uspid="87" ordinal="0" offset="175" sl="214" sc="0" el="214" ec="0" bec="0" bev="0" fileid="1" />
              </SequencePoints>
              <BranchPoints />
            </Method>
            <Method visited="false" cyclomaticComplexity="0" nPathComplexity="0" sequenceCoverage="0.0" branchCoverage="0" crapScore="0" isConstructor="false" isStatic="false" isGetter="false" isSetter="false">
              <Summary numSequencePoints="22" visitedSequencePoints="0" numBranchPoints="0" visitedBranchPoints="0" sequenceCoverage="0.0" branchCoverage="0" maxCyclomaticComplexity="0" minCyclomaticComplexity="0" maxCrapScore="0" minCrapScore="0" visitedClasses="0" numClasses="0" visitedMethods="0" numMethods="1" />
              <MetadataToken>100663303</MetadataToken>
              <Name>System.Void DoorController::Update()</Name>
              <FileRef uid="1" />
              <SequencePoints>
                <SequencePoint vc="0" uspid="88" ordinal="0" offset="0" sl="219" sc="0" el="219" ec="0" bec="0" bev="0" fileid="1" />
                <SequencePoint vc="0" uspid="89" ordinal="0" offset="26" sl="221" sc="0" el="221" ec="0" bec="0" bev="0" fileid="1" />
                <SequencePoint vc="0" uspid="90" ordinal="0" offset="36" sl="222" sc="0" el="222" ec="0" bec="0" bev="0" fileid="1" />
                <SequencePoint vc="0" uspid="91" ordinal="0" offset="62" sl="223" sc="0" el="223" ec="0" bec="0" bev="0" fileid="1" />
                <SequencePoint vc="0" uspid="92" ordinal="0" offset="88" sl="224" sc="0" el="224" ec="0" bec="0" bev="0" fileid="1" />
                <SequencePoint vc="0" uspid="93" ordinal="0" offset="114" sl="225" sc="0" el="225" ec="0" bec="0" bev="0" fileid="1" />
                <SequencePoint vc="0" uspid="94" ordinal="0" offset="140" sl="226" sc="0" el="226" ec="0" bec="0" bev="0" fileid="1" />
                <SequencePoint vc="0" uspid="95" ordinal="0" offset="188" sl="230" sc="0" el="230" ec="0" bec="0" bev="0" fileid="1" />
                <SequencePoint vc="0" uspid="96" ordinal="0" offset="234" sl="232" sc="0" el="232" ec="0" bec="0" bev="0" fileid="1" />
                <SequencePoint vc="0" uspid="97" ordinal="0" offset="242" sl="234" sc="0" el="234" ec="0" bec="0" bev="0" fileid="1" />
                <SequencePoint vc="0" uspid="98" ordinal="0" offset="268" sl="235" sc="0" el="235" ec="0" bec="0" bev="0" fileid="1" />
                <SequencePoint vc="0" uspid="99" ordinal="0" offset="319" sl="238" sc="0" el="238" ec="0" bec="0" bev="0" fileid="1" />
                <SequencePoint vc="0" uspid="100" ordinal="0" offset="327" sl="240" sc="0" el="240" ec="0" bec="0" bev="0" fileid="1" />
                <SequencePoint vc="0" uspid="101" ordinal="0" offset="338" sl="244" sc="0" el="244" ec="0" bec="0" bev="0" fileid="1" />
                <SequencePoint vc="0" uspid="102" ordinal="0" offset="349" sl="247" sc="0" el="247" ec="0" bec="0" bev="0" fileid="1" />
                <SequencePoint vc="0" uspid="103" ordinal="0" offset="370" sl="250" sc="0" el="250" ec="0" bec="0" bev="0" fileid="1" />
                <SequencePoint vc="0" uspid="104" ordinal="0" offset="396" sl="251" sc="0" el="251" ec="0" bec="0" bev="0" fileid="1" />
                <SequencePoint vc="0" uspid="105" ordinal="0" offset="422" sl="252" sc="0" el="252" ec="0" bec="0" bev="0" fileid="1" />
                <SequencePoint vc="0" uspid="106" ordinal="0" offset="448" sl="253" sc="0" el="253" ec="0" bec="0" bev="0" fileid="1" />
                <SequencePoint vc="0" uspid="107" ordinal="0" offset="477" sl="257" sc="0" el="257" ec="0" bec="0" bev="0" fileid="1" />
                <SequencePoint vc="0" uspid="108" ordinal="0" offset="494" sl="259" sc="0" el="259" ec="0" bec="0" bev="0" fileid="1" />
                <SequencePoint vc="0" uspid="109" ordinal="0" offset="500" sl="261" sc="0" el="261" ec="0" bec="0" bev="0" fileid="1" />
              </SequencePoints>
              <BranchPoints />
            </Method>
            <Method visited="false" cyclomaticComplexity="0" nPathComplexity="0" sequenceCoverage="0.0" branchCoverage="0" crapScore="0" isConstructor="false" isStatic="false" isGetter="false" isSetter="false">
              <Summary numSequencePoints="14" visitedSequencePoints="0" numBranchPoints="0" visitedBranchPoints="0" sequenceCoverage="0.0" branchCoverage="0" maxCyclomaticComplexity="0" minCyclomaticComplexity="0" maxCrapScore="0" minCrapScore="0" visitedClasses="0" numClasses="0" visitedMethods="0" numMethods="1" />
              <MetadataToken>100663304</MetadataToken>
              <Name>System.Void DoorController::OnTriggerEnter2D(UnityEngine.Collider2D)</Name>
              <FileRef uid="1" />
              <SequencePoints>
                <SequencePoint vc="0" uspid="110" ordinal="0" offset="0" sl="266" sc="0" el="266" ec="0" bec="0" bev="0" fileid="1" />
                <SequencePoint vc="0" uspid="111" ordinal="0" offset="8" sl="268" sc="0" el="268" ec="0" bec="0" bev="0" fileid="1" />
                <SequencePoint vc="0" uspid="112" ordinal="0" offset="18" sl="269" sc="0" el="269" ec="0" bec="0" bev="0" fileid="1" />
                <SequencePoint vc="0" uspid="113" ordinal="0" offset="39" sl="270" sc="0" el="270" ec="0" bec="0" bev="0" fileid="1" />
                <SequencePoint vc="0" uspid="114" ordinal="0" offset="65" sl="271" sc="0" el="271" ec="0" bec="0" bev="0" fileid="1" />
                <SequencePoint vc="0" uspid="115" ordinal="0" offset="96" sl="274" sc="0" el="274" ec="0" bec="0" bev="0" fileid="1" />
                <SequencePoint vc="0" uspid="116" ordinal="0" offset="109" sl="276" sc="0" el="276" ec="0" bec="0" bev="0" fileid="1" />
                <SequencePoint vc="0" uspid="117" ordinal="0" offset="116" sl="277" sc="0" el="277" ec="0" bec="0" bev="0" fileid="1" />
                <SequencePoint vc="0" uspid="118" ordinal="0" offset="124" sl="277" sc="0" el="277" ec="0" bec="0" bev="0" fileid="1" />
                <SequencePoint vc="0" uspid="119" ordinal="0" offset="134" sl="280" sc="0" el="280" ec="0" bec="0" bev="0" fileid="1" />
                <SequencePoint vc="0" uspid="120" ordinal="0" offset="150" sl="282" sc="0" el="282" ec="0" bec="0" bev="0" fileid="1" />
                <SequencePoint vc="0" uspid="121" ordinal="0" offset="157" sl="283" sc="0" el="283" ec="0" bec="0" bev="0" fileid="1" />
                <SequencePoint vc="0" uspid="122" ordinal="0" offset="184" sl="287" sc="0" el="287" ec="0" bec="0" bev="0" fileid="1" />
                <SequencePoint vc="0" uspid="123" ordinal="0" offset="191" sl="290" sc="0" el="290" ec="0" bec="0" bev="0" fileid="1" />
              </SequencePoints>
              <BranchPoints />
            </Method>
            <Method visited="false" cyclomaticComplexity="0" nPathComplexity="0" sequenceCoverage="0.0" branchCoverage="0" crapScore="0" isConstructor="false" isStatic="false" isGetter="false" isSetter="false">
              <Summary numSequencePoints="8" visitedSequencePoints="0" numBranchPoints="0" visitedBranchPoints="0" sequenceCoverage="0.0" branchCoverage="0" maxCyclomaticComplexity="0" minCyclomaticComplexity="0" maxCrapScore="0" minCrapScore="0" visitedClasses="0" numClasses="0" visitedMethods="0" numMethods="1" />
              <MetadataToken>100663305</MetadataToken>
              <Name>System.Void DoorController::OnTriggerExit2D(UnityEngine.Collider2D)</Name>
              <FileRef uid="1" />
              <SequencePoints>
                <SequencePoint vc="0" uspid="124" ordinal="0" offset="0" sl="295" sc="0" el="295" ec="0" bec="0" bev="0" fileid="1" />
                <SequencePoint vc="0" uspid="125" ordinal="0" offset="13" sl="297" sc="0" el="297" ec="0" bec="0" bev="0" fileid="1" />
                <SequencePoint vc="0" uspid="126" ordinal="0" offset="20" sl="298" sc="0" el="298" ec="0" bec="0" bev="0" fileid="1" />
                <SequencePoint vc="0" uspid="127" ordinal="0" offset="28" sl="298" sc="0" el="298" ec="0" bec="0" bev="0" fileid="1" />
                <SequencePoint vc="0" uspid="128" ordinal="0" offset="38" sl="301" sc="0" el="301" ec="0" bec="0" bev="0" fileid="1" />
                <SequencePoint vc="0" uspid="129" ordinal="0" offset="45" sl="304" sc="0" el="304" ec="0" bec="0" bev="0" fileid="1" />
                <SequencePoint vc="0" uspid="130" ordinal="0" offset="53" sl="306" sc="0" el="306" ec="0" bec="0" bev="0" fileid="1" />
                <SequencePoint vc="0" uspid="131" ordinal="0" offset="59" sl="309" sc="0" el="309" ec="0" bec="0" bev="0" fileid="1" />
              </SequencePoints>
              <BranchPoints />
            </Method>
            <Method visited="false" cyclomaticComplexity="0" nPathComplexity="0" sequenceCoverage="0.0" branchCoverage="0" crapScore="0" isConstructor="false" isStatic="false" isGetter="false" isSetter="false">
              <Summary numSequencePoints="21" visitedSequencePoints="0" numBranchPoints="0" visitedBranchPoints="0" sequenceCoverage="0.0" branchCoverage="0" maxCyclomaticComplexity="0" minCyclomaticComplexity="0" maxCrapScore="0" minCrapScore="0" visitedClasses="0" numClasses="0" visitedMethods="0" numMethods="1" />
              <MetadataToken>100663306</MetadataToken>
              <Name>System.Void DoorController::OpenSelectionUI()</Name>
              <FileRef uid="1" />
              <SequencePoints>
                <SequencePoint vc="0" uspid="132" ordinal="0" offset="0" sl="314" sc="0" el="314" ec="0" bec="0" bev="0" fileid="1" />
                <SequencePoint vc="0" uspid="133" ordinal="0" offset="14" sl="316" sc="0" el="316" ec="0" bec="0" bev="0" fileid="1" />
                <SequencePoint vc="0" uspid="134" ordinal="0" offset="24" sl="317" sc="0" el="317" ec="0" bec="0" bev="0" fileid="1" />
                <SequencePoint vc="0" uspid="135" ordinal="0" offset="25" sl="320" sc="0" el="320" ec="0" bec="0" bev="0" fileid="1" />
                <SequencePoint vc="0" uspid="136" ordinal="0" offset="32" sl="321" sc="0" el="321" ec="0" bec="0" bev="0" fileid="1" />
                <SequencePoint vc="0" uspid="137" ordinal="0" offset="44" sl="323" sc="0" el="323" ec="0" bec="0" bev="0" fileid="1" />
                <SequencePoint vc="0" uspid="138" ordinal="0" offset="52" sl="323" sc="0" el="323" ec="0" bec="0" bev="0" fileid="1" />
                <SequencePoint vc="0" uspid="139" ordinal="0" offset="62" sl="326" sc="0" el="326" ec="0" bec="0" bev="0" fileid="1" />
                <SequencePoint vc="0" uspid="140" ordinal="0" offset="74" sl="327" sc="0" el="327" ec="0" bec="0" bev="0" fileid="1" />
                <SequencePoint vc="0" uspid="141" ordinal="0" offset="86" sl="330" sc="0" el="330" ec="0" bec="0" bev="0" fileid="1" />
                <SequencePoint vc="0" uspid="142" ordinal="0" offset="96" sl="333" sc="0" el="333" ec="0" bec="0" bev="0" fileid="1" />
                <SequencePoint vc="0" uspid="143" ordinal="0" offset="102" sl="334" sc="0" el="334" ec="0" bec="0" bev="0" fileid="1" />
                <SequencePoint vc="0" uspid="144" ordinal="0" offset="116" sl="336" sc="0" el="336" ec="0" bec="0" bev="0" fileid="1" />
                <SequencePoint vc="0" uspid="145" ordinal="0" offset="128" sl="337" sc="0" el="337" ec="0" bec="0" bev="0" fileid="1" />
                <SequencePoint vc="0" uspid="146" ordinal="0" offset="136" sl="337" sc="0" el="337" ec="0" bec="0" bev="0" fileid="1" />
                <SequencePoint vc="0" uspid="147" ordinal="0" offset="152" sl="339" sc="0" el="339" ec="0" bec="0" bev="0" fileid="1" />
                <SequencePoint vc="0" uspid="148" ordinal="0" offset="166" sl="341" sc="0" el="341" ec="0" bec="0" bev="0" fileid="1" />
                <SequencePoint vc="0" uspid="149" ordinal="0" offset="178" sl="342" sc="0" el="342" ec="0" bec="0" bev="0" fileid="1" />
                <SequencePoint vc="0" uspid="150" ordinal="0" offset="186" sl="342" sc="0" el="342" ec="0" bec="0" bev="0" fileid="1" />
                <SequencePoint vc="0" uspid="151" ordinal="0" offset="202" sl="345" sc="0" el="345" ec="0" bec="0" bev="0" fileid="1" />
                <SequencePoint vc="0" uspid="152" ordinal="0" offset="212" sl="346" sc="0" el="346" ec="0" bec="0" bev="0" fileid="1" />
              </SequencePoints>
              <BranchPoints />
            </Method>
            <Method visited="false" cyclomaticComplexity="0" nPathComplexity="0" sequenceCoverage="0.0" branchCoverage="0" crapScore="0" isConstructor="false" isStatic="false" isGetter="false" isSetter="false">
              <Summary numSequencePoints="8" visitedSequencePoints="0" numBranchPoints="0" visitedBranchPoints="0" sequenceCoverage="0.0" branchCoverage="0" maxCyclomaticComplexity="0" minCyclomaticComplexity="0" maxCrapScore="0" minCrapScore="0" visitedClasses="0" numClasses="0" visitedMethods="0" numMethods="1" />
              <MetadataToken>100663307</MetadataToken>
              <Name>System.Void DoorController::CloseSelectionUI()</Name>
              <FileRef uid="1" />
              <SequencePoints>
                <SequencePoint vc="0" uspid="153" ordinal="0" offset="0" sl="351" sc="0" el="351" ec="0" bec="0" bev="0" fileid="1" />
                <SequencePoint vc="0" uspid="154" ordinal="0" offset="14" sl="351" sc="0" el="351" ec="0" bec="0" bev="0" fileid="1" />
                <SequencePoint vc="0" uspid="155" ordinal="0" offset="15" sl="353" sc="0" el="353" ec="0" bec="0" bev="0" fileid="1" />
                <SequencePoint vc="0" uspid="156" ordinal="0" offset="22" sl="354" sc="0" el="354" ec="0" bec="0" bev="0" fileid="1" />
                <SequencePoint vc="0" uspid="157" ordinal="0" offset="34" sl="356" sc="0" el="356" ec="0" bec="0" bev="0" fileid="1" />
                <SequencePoint vc="0" uspid="158" ordinal="0" offset="42" sl="356" sc="0" el="356" ec="0" bec="0" bev="0" fileid="1" />
                <SequencePoint vc="0" uspid="159" ordinal="0" offset="52" sl="359" sc="0" el="359" ec="0" bec="0" bev="0" fileid="1" />
                <SequencePoint vc="0" uspid="160" ordinal="0" offset="62" sl="360" sc="0" el="360" ec="0" bec="0" bev="0" fileid="1" />
              </SequencePoints>
              <BranchPoints />
            </Method>
            <Method visited="false" cyclomaticComplexity="0" nPathComplexity="0" sequenceCoverage="0.0" branchCoverage="0" crapScore="0" isConstructor="false" isStatic="false" isGetter="false" isSetter="false">
              <Summary numSequencePoints="6" visitedSequencePoints="0" numBranchPoints="0" visitedBranchPoints="0" sequenceCoverage="0.0" branchCoverage="0" maxCyclomaticComplexity="0" minCyclomaticComplexity="0" maxCrapScore="0" minCrapScore="0" visitedClasses="0" numClasses="0" visitedMethods="0" numMethods="1" />
              <MetadataToken>100663308</MetadataToken>
              <Name>System.Void DoorController::OnMirrorButtonClicked(System.Int32)</Name>
              <FileRef uid="1" />
              <SequencePoints>
                <SequencePoint vc="0" uspid="161" ordinal="0" offset="0" sl="365" sc="0" el="365" ec="0" bec="0" bev="0" fileid="1" />
                <SequencePoint vc="0" uspid="162" ordinal="0" offset="23" sl="368" sc="0" el="368" ec="0" bec="0" bev="0" fileid="1" />
                <SequencePoint vc="0" uspid="163" ordinal="0" offset="29" sl="371" sc="0" el="371" ec="0" bec="0" bev="0" fileid="1" />
                <SequencePoint vc="0" uspid="164" ordinal="0" offset="38" sl="373" sc="0" el="373" ec="0" bec="0" bev="0" fileid="1" />
                <SequencePoint vc="0" uspid="165" ordinal="0" offset="45" sl="377" sc="0" el="377" ec="0" bec="0" bev="0" fileid="1" />
                <SequencePoint vc="0" uspid="166" ordinal="0" offset="52" sl="379" sc="0" el="379" ec="0" bec="0" bev="0" fileid="1" />
              </SequencePoints>
              <BranchPoints />
            </Method>
            <Method visited="false" cyclomaticComplexity="0" nPathComplexity="0" sequenceCoverage="0.0" branchCoverage="0" crapScore="0" isConstructor="false" isStatic="false" isGetter="false" isSetter="false">
              <Summary numSequencePoints="7" visitedSequencePoints="0" numBranchPoints="0" visitedBranchPoints="0" sequenceCoverage="0.0" branchCoverage="0" maxCyclomaticComplexity="0" minCyclomaticComplexity="0" maxCrapScore="0" minCrapScore="0" visitedClasses="0" numClasses="0" visitedMethods="0" numMethods="1" />
              <MetadataToken>100663309</MetadataToken>
              <Name>System.Void DoorController::OnCorrectSelection()</Name>
              <FileRef uid="1" />
              <SequencePoints>
                <SequencePoint vc="0" uspid="167" ordinal="0" offset="0" sl="384" sc="0" el="384" ec="0" bec="0" bev="0" fileid="1" />
                <SequencePoint vc="0" uspid="168" ordinal="0" offset="10" sl="387" sc="0" el="387" ec="0" bec="0" bev="0" fileid="1" />
                <SequencePoint vc="0" uspid="169" ordinal="0" offset="22" sl="388" sc="0" el="388" ec="0" bec="0" bev="0" fileid="1" />
                <SequencePoint vc="0" uspid="170" ordinal="0" offset="34" sl="391" sc="0" el="391" ec="0" bec="0" bev="0" fileid="1" />
                <SequencePoint vc="0" uspid="171" ordinal="0" offset="47" sl="394" sc="0" el="394" ec="0" bec="0" bev="0" fileid="1" />
                <SequencePoint vc="0" uspid="172" ordinal="0" offset="63" sl="397" sc="0" el="397" ec="0" bec="0" bev="0" fileid="1" />
                <SequencePoint vc="0" uspid="173" ordinal="0" offset="79" sl="398" sc="0" el="398" ec="0" bec="0" bev="0" fileid="1" />
              </SequencePoints>
              <BranchPoints />
            </Method>
            <Method visited="false" cyclomaticComplexity="0" nPathComplexity="0" sequenceCoverage="0.0" branchCoverage="0" crapScore="0" isConstructor="false" isStatic="false" isGetter="false" isSetter="false">
              <Summary numSequencePoints="13" visitedSequencePoints="0" numBranchPoints="0" visitedBranchPoints="0" sequenceCoverage="0.0" branchCoverage="0" maxCyclomaticComplexity="0" minCyclomaticComplexity="0" maxCrapScore="0" minCrapScore="0" visitedClasses="0" numClasses="0" visitedMethods="0" numMethods="1" />
              <MetadataToken>100663310</MetadataToken>
              <Name>System.Void DoorController::OnWrongSelection(System.Int32)</Name>
              <FileRef uid="1" />
              <SequencePoints>
                <SequencePoint vc="0" uspid="174" ordinal="0" offset="0" sl="403" sc="0" el="403" ec="0" bec="0" bev="0" fileid="1" />
                <SequencePoint vc="0" uspid="175" ordinal="0" offset="10" sl="406" sc="0" el="406" ec="0" bec="0" bev="0" fileid="1" />
                <SequencePoint vc="0" uspid="176" ordinal="0" offset="24" sl="408" sc="0" el="408" ec="0" bec="0" bev="0" fileid="1" />
                <SequencePoint vc="0" uspid="177" ordinal="0" offset="36" sl="409" sc="0" el="409" ec="0" bec="0" bev="0" fileid="1" />
                <SequencePoint vc="0" uspid="178" ordinal="0" offset="44" sl="409" sc="0" el="409" ec="0" bec="0" bev="0" fileid="1" />
                <SequencePoint vc="0" uspid="179" ordinal="0" offset="56" sl="413" sc="0" el="413" ec="0" bec="0" bev="0" fileid="1" />
                <SequencePoint vc="0" uspid="180" ordinal="0" offset="68" sl="414" sc="0" el="414" ec="0" bec="0" bev="0" fileid="1" />
                <SequencePoint vc="0" uspid="181" ordinal="0" offset="76" sl="414" sc="0" el="414" ec="0" bec="0" bev="0" fileid="1" />
                <SequencePoint vc="0" uspid="182" ordinal="0" offset="86" sl="418" sc="0" el="418" ec="0" bec="0" bev="0" fileid="1" />
                <SequencePoint vc="0" uspid="183" ordinal="0" offset="102" sl="421" sc="0" el="421" ec="0" bec="0" bev="0" fileid="1" />
                <SequencePoint vc="0" uspid="184" ordinal="0" offset="108" sl="422" sc="0" el="422" ec="0" bec="0" bev="0" fileid="1" />
                <SequencePoint vc="0" uspid="185" ordinal="0" offset="118" sl="425" sc="0" el="425" ec="0" bec="0" bev="0" fileid="1" />
                <SequencePoint vc="0" uspid="186" ordinal="0" offset="134" sl="426" sc="0" el="426" ec="0" bec="0" bev="0" fileid="1" />
              </SequencePoints>
              <BranchPoints />
            </Method>
            <Method visited="false" cyclomaticComplexity="0" nPathComplexity="0" sequenceCoverage="0.0" branchCoverage="0" crapScore="0" isConstructor="false" isStatic="false" isGetter="false" isSetter="false">
              <Summary numSequencePoints="27" visitedSequencePoints="0" numBranchPoints="0" visitedBranchPoints="0" sequenceCoverage="0.0" branchCoverage="0" maxCyclomaticComplexity="0" minCyclomaticComplexity="0" maxCrapScore="0" minCrapScore="0" visitedClasses="0" numClasses="0" visitedMethods="0" numMethods="1" />
              <MetadataToken>100663312</MetadataToken>
              <Name>System.Void DoorController::ShowFeedback(System.String, UnityEngine.Color)</Name>
              <FileRef uid="1" />
              <SequencePoints>
                <SequencePoint vc="0" uspid="187" ordinal="0" offset="0" sl="471" sc="0" el="471" ec="0" bec="0" bev="0" fileid="1" />
                <SequencePoint vc="0" uspid="188" ordinal="0" offset="44" sl="473" sc="0" el="473" ec="0" bec="0" bev="0" fileid="1" />
                <SequencePoint vc="0" uspid="189" ordinal="0" offset="55" sl="474" sc="0" el="474" ec="0" bec="0" bev="0" fileid="1" />
                <SequencePoint vc="0" uspid="190" ordinal="0" offset="83" sl="477" sc="0" el="477" ec="0" bec="0" bev="0" fileid="1" />
                <SequencePoint vc="0" uspid="191" ordinal="0" offset="90" sl="478" sc="0" el="478" ec="0" bec="0" bev="0" fileid="1" />
                <SequencePoint vc="0" uspid="192" ordinal="0" offset="97" sl="479" sc="0" el="479" ec="0" bec="0" bev="0" fileid="1" />
                <SequencePoint vc="0" uspid="193" ordinal="0" offset="104" sl="480" sc="0" el="480" ec="0" bec="0" bev="0" fileid="1" />
                <SequencePoint vc="0" uspid="194" ordinal="0" offset="115" sl="481" sc="0" el="481" ec="0" bec="0" bev="0" fileid="1" />
                <SequencePoint vc="0" uspid="195" ordinal="0" offset="122" sl="482" sc="0" el="482" ec="0" bec="0" bev="0" fileid="1" />
                <SequencePoint vc="0" uspid="196" ordinal="0" offset="133" sl="484" sc="0" el="484" ec="0" bec="0" bev="0" fileid="1" />
                <SequencePoint vc="0" uspid="197" ordinal="0" offset="139" sl="485" sc="0" el="485" ec="0" bec="0" bev="0" fileid="1" />
                <SequencePoint vc="0" uspid="198" ordinal="0" offset="160" sl="486" sc="0" el="486" ec="0" bec="0" bev="0" fileid="1" />
                <SequencePoint vc="0" uspid="199" ordinal="0" offset="170" sl="489" sc="0" el="489" ec="0" bec="0" bev="0" fileid="1" />
                <SequencePoint vc="0" uspid="200" ordinal="0" offset="185" sl="492" sc="0" el="492" ec="0" bec="0" bev="0" fileid="1" />
                <SequencePoint vc="0" uspid="201" ordinal="0" offset="196" sl="494" sc="0" el="494" ec="0" bec="0" bev="0" fileid="1" />
                <SequencePoint vc="0" uspid="202" ordinal="0" offset="207" sl="494" sc="0" el="494" ec="0" bec="0" bev="0" fileid="1" />
                <SequencePoint vc="0" uspid="203" ordinal="0" offset="224" sl="499" sc="0" el="499" ec="0" bec="0" bev="0" fileid="1" />
                <SequencePoint vc="0" uspid="204" ordinal="0" offset="234" sl="500" sc="0" el="500" ec="0" bec="0" bev="0" fileid="1" />
                <SequencePoint vc="0" uspid="205" ordinal="0" offset="276" sl="502" sc="0" el="502" ec="0" bec="0" bev="0" fileid="1" />
                <SequencePoint vc="0" uspid="206" ordinal="0" offset="282" sl="503" sc="0" el="503" ec="0" bec="0" bev="0" fileid="1" />
                <SequencePoint vc="0" uspid="207" ordinal="0" offset="289" sl="504" sc="0" el="504" ec="0" bec="0" bev="0" fileid="1" />
                <SequencePoint vc="0" uspid="208" ordinal="0" offset="296" sl="505" sc="0" el="505" ec="0" bec="0" bev="0" fileid="1" />
                <SequencePoint vc="0" uspid="209" ordinal="0" offset="304" sl="506" sc="0" el="506" ec="0" bec="0" bev="0" fileid="1" />
                <SequencePoint vc="0" uspid="210" ordinal="0" offset="310" sl="508" sc="0" el="508" ec="0" bec="0" bev="0" fileid="1" />
                <SequencePoint vc="0" uspid="211" ordinal="0" offset="320" sl="510" sc="0" el="510" ec="0" bec="0" bev="0" fileid="1" />
                <SequencePoint vc="0" uspid="212" ordinal="0" offset="328" sl="510" sc="0" el="510" ec="0" bec="0" bev="0" fileid="1" />
                <SequencePoint vc="0" uspid="213" ordinal="0" offset="344" sl="512" sc="0" el="512" ec="0" bec="0" bev="0" fileid="1" />
              </SequencePoints>
              <BranchPoints />
            </Method>
            <Method visited="false" cyclomaticComplexity="0" nPathComplexity="0" sequenceCoverage="0.0" branchCoverage="0" crapScore="0" isConstructor="false" isStatic="false" isGetter="false" isSetter="false">
              <Summary numSequencePoints="6" visitedSequencePoints="0" numBranchPoints="0" visitedBranchPoints="0" sequenceCoverage="0.0" branchCoverage="0" maxCyclomaticComplexity="0" minCyclomaticComplexity="0" maxCrapScore="0" minCrapScore="0" visitedClasses="0" numClasses="0" visitedMethods="0" numMethods="1" />
              <MetadataToken>100663314</MetadataToken>
              <Name>System.Void DoorController::ShowInteractionHint(System.Boolean)</Name>
              <FileRef uid="1" />
              <SequencePoints>
                <SequencePoint vc="0" uspid="214" ordinal="0" offset="0" sl="543" sc="0" el="543" ec="0" bec="0" bev="0" fileid="1" />
                <SequencePoint vc="0" uspid="215" ordinal="0" offset="3" sl="545" sc="0" el="545" ec="0" bec="0" bev="0" fileid="1" />
                <SequencePoint vc="0" uspid="216" ordinal="0" offset="11" sl="545" sc="0" el="545" ec="0" bec="0" bev="0" fileid="1" />
                <SequencePoint vc="0" uspid="217" ordinal="0" offset="37" sl="546" sc="0" el="546" ec="0" bec="0" bev="0" fileid="1" />
                <SequencePoint vc="0" uspid="218" ordinal="0" offset="55" sl="550" sc="0" el="550" ec="0" bec="0" bev="0" fileid="1" />
                <SequencePoint vc="0" uspid="219" ordinal="0" offset="72" sl="552" sc="0" el="552" ec="0" bec="0" bev="0" fileid="1" />
              </SequencePoints>
              <BranchPoints />
            </Method>
            <Method visited="false" cyclomaticComplexity="0" nPathComplexity="0" sequenceCoverage="0.0" branchCoverage="0" crapScore="0" isConstructor="false" isStatic="false" isGetter="false" isSetter="false">
              <Summary numSequencePoints="7" visitedSequencePoints="0" numBranchPoints="0" visitedBranchPoints="0" sequenceCoverage="0.0" branchCoverage="0" maxCyclomaticComplexity="0" minCyclomaticComplexity="0" maxCrapScore="0" minCrapScore="0" visitedClasses="0" numClasses="0" visitedMethods="0" numMethods="1" />
              <MetadataToken>100663315</MetadataToken>
              <Name>System.Void DoorController::PlaySound(UnityEngine.AudioClip)</Name>
              <FileRef uid="1" />
              <SequencePoints>
                <SequencePoint vc="0" uspid="220" ordinal="0" offset="0" sl="557" sc="0" el="557" ec="0" bec="0" bev="0" fileid="1" />
                <SequencePoint vc="0" uspid="221" ordinal="0" offset="23" sl="559" sc="0" el="559" ec="0" bec="0" bev="0" fileid="1" />
                <SequencePoint vc="0" uspid="222" ordinal="0" offset="36" sl="561" sc="0" el="561" ec="0" bec="0" bev="0" fileid="1" />
                <SequencePoint vc="0" uspid="223" ordinal="0" offset="45" sl="563" sc="0" el="563" ec="0" bec="0" bev="0" fileid="1" />
                <SequencePoint vc="0" uspid="224" ordinal="0" offset="56" sl="565" sc="0" el="565" ec="0" bec="0" bev="0" fileid="1" />
                <SequencePoint vc="0" uspid="225" ordinal="0" offset="70" sl="567" sc="0" el="567" ec="0" bec="0" bev="0" fileid="1" />
                <SequencePoint vc="0" uspid="226" ordinal="0" offset="80" sl="569" sc="0" el="569" ec="0" bec="0" bev="0" fileid="1" />
              </SequencePoints>
              <BranchPoints />
            </Method>
            <Method visited="false" cyclomaticComplexity="0" nPathComplexity="0" sequenceCoverage="0.0" branchCoverage="0" crapScore="0" isConstructor="false" isStatic="false" isGetter="false" isSetter="false">
              <Summary numSequencePoints="10" visitedSequencePoints="0" numBranchPoints="0" visitedBranchPoints="0" sequenceCoverage="0.0" branchCoverage="0" maxCyclomaticComplexity="0" minCyclomaticComplexity="0" maxCrapScore="0" minCrapScore="0" visitedClasses="0" numClasses="0" visitedMethods="0" numMethods="1" />
              <MetadataToken>100663316</MetadataToken>
              <Name>System.Void DoorController::UpdateDoorAppearance()</Name>
              <FileRef uid="1" />
              <SequencePoints>
                <SequencePoint vc="0" uspid="227" ordinal="0" offset="0" sl="574" sc="0" el="574" ec="0" bec="0" bev="0" fileid="1" />
                <SequencePoint vc="0" uspid="228" ordinal="0" offset="17" sl="576" sc="0" el="576" ec="0" bec="0" bev="0" fileid="1" />
                <SequencePoint vc="0" uspid="229" ordinal="0" offset="25" sl="578" sc="0" el="578" ec="0" bec="0" bev="0" fileid="1" />
                <SequencePoint vc="0" uspid="230" ordinal="0" offset="43" sl="580" sc="0" el="580" ec="0" bec="0" bev="0" fileid="1" />
                <SequencePoint vc="0" uspid="231" ordinal="0" offset="51" sl="582" sc="0" el="582" ec="0" bec="0" bev="0" fileid="1" />
                <SequencePoint vc="0" uspid="232" ordinal="0" offset="86" sl="586" sc="0" el="586" ec="0" bec="0" bev="0" fileid="1" />
                <SequencePoint vc="0" uspid="233" ordinal="0" offset="122" sl="589" sc="0" el="589" ec="0" bec="0" bev="0" fileid="1" />
                <SequencePoint vc="0" uspid="234" ordinal="0" offset="130" sl="589" sc="0" el="589" ec="0" bec="0" bev="0" fileid="1" />
                <SequencePoint vc="0" uspid="235" ordinal="0" offset="162" sl="593" sc="0" el="593" ec="0" bec="0" bev="0" fileid="1" />
                <SequencePoint vc="0" uspid="236" ordinal="0" offset="172" sl="595" sc="0" el="595" ec="0" bec="0" bev="0" fileid="1" />
              </SequencePoints>
              <BranchPoints />
            </Method>
            <Method visited="false" cyclomaticComplexity="0" nPathComplexity="0" sequenceCoverage="0.0" branchCoverage="0" crapScore="0" isConstructor="false" isStatic="false" isGetter="false" isSetter="false">
              <Summary numSequencePoints="11" visitedSequencePoints="0" numBranchPoints="0" visitedBranchPoints="0" sequenceCoverage="0.0" branchCoverage="0" maxCyclomaticComplexity="0" minCyclomaticComplexity="0" maxCrapScore="0" minCrapScore="0" visitedClasses="0" numClasses="0" visitedMethods="0" numMethods="1" />
              <MetadataToken>100663317</MetadataToken>
              <Name>System.Void DoorController::SetAccessible(System.Boolean)</Name>
              <FileRef uid="1" />
              <SequencePoints>
                <SequencePoint vc="0" uspid="237" ordinal="0" offset="0" sl="600" sc="0" el="600" ec="0" bec="0" bev="0" fileid="1" />
                <SequencePoint vc="0" uspid="238" ordinal="0" offset="7" sl="602" sc="0" el="602" ec="0" bec="0" bev="0" fileid="1" />
                <SequencePoint vc="0" uspid="239" ordinal="0" offset="15" sl="602" sc="0" el="602" ec="0" bec="0" bev="0" fileid="1" />
                <SequencePoint vc="0" uspid="240" ordinal="0" offset="36" sl="604" sc="0" el="604" ec="0" bec="0" bev="0" fileid="1" />
                <SequencePoint vc="0" uspid="241" ordinal="0" offset="42" sl="606" sc="0" el="606" ec="0" bec="0" bev="0" fileid="1" />
                <SequencePoint vc="0" uspid="242" ordinal="0" offset="45" sl="608" sc="0" el="608" ec="0" bec="0" bev="0" fileid="1" />
                <SequencePoint vc="0" uspid="243" ordinal="0" offset="55" sl="611" sc="0" el="611" ec="0" bec="0" bev="0" fileid="1" />
                <SequencePoint vc="0" uspid="244" ordinal="0" offset="63" sl="613" sc="0" el="613" ec="0" bec="0" bev="0" fileid="1" />
                <SequencePoint vc="0" uspid="245" ordinal="0" offset="70" sl="614" sc="0" el="614" ec="0" bec="0" bev="0" fileid="1" />
                <SequencePoint vc="0" uspid="246" ordinal="0" offset="81" sl="619" sc="0" el="619" ec="0" bec="0" bev="0" fileid="1" />
                <SequencePoint vc="0" uspid="247" ordinal="0" offset="91" sl="621" sc="0" el="621" ec="0" bec="0" bev="0" fileid="1" />
              </SequencePoints>
              <BranchPoints />
            </Method>
            <Method visited="false" cyclomaticComplexity="0" nPathComplexity="0" sequenceCoverage="0.0" branchCoverage="0" crapScore="0" isConstructor="false" isStatic="false" isGetter="false" isSetter="false">
              <Summary numSequencePoints="9" visitedSequencePoints="0" numBranchPoints="0" visitedBranchPoints="0" sequenceCoverage="0.0" branchCoverage="0" maxCyclomaticComplexity="0" minCyclomaticComplexity="0" maxCrapScore="0" minCrapScore="0" visitedClasses="0" numClasses="0" visitedMethods="0" numMethods="1" />
              <MetadataToken>100663318</MetadataToken>
              <Name>System.Void DoorController::LoadNextLevel()</Name>
              <FileRef uid="1" />
              <SequencePoints>
                <SequencePoint vc="0" uspid="248" ordinal="0" offset="0" sl="626" sc="0" el="626" ec="0" bec="0" bev="0" fileid="1" />
                <SequencePoint vc="0" uspid="249" ordinal="0" offset="13" sl="629" sc="0" el="629" ec="0" bec="0" bev="0" fileid="1" />
                <SequencePoint vc="0" uspid="250" ordinal="0" offset="29" sl="630" sc="0" el="630" ec="0" bec="0" bev="0" fileid="1" />
                <SequencePoint vc="0" uspid="251" ordinal="0" offset="34" sl="633" sc="0" el="633" ec="0" bec="0" bev="0" fileid="1" />
                <SequencePoint vc="0" uspid="252" ordinal="0" offset="44" sl="635" sc="0" el="635" ec="0" bec="0" bev="0" fileid="1" />
                <SequencePoint vc="0" uspid="253" ordinal="0" offset="65" sl="636" sc="0" el="636" ec="0" bec="0" bev="0" fileid="1" />
                <SequencePoint vc="0" uspid="254" ordinal="0" offset="77" sl="640" sc="0" el="640" ec="0" bec="0" bev="0" fileid="1" />
                <SequencePoint vc="0" uspid="255" ordinal="0" offset="87" sl="641" sc="0" el="641" ec="0" bec="0" bev="0" fileid="1" />
                <SequencePoint vc="0" uspid="256" ordinal="0" offset="103" sl="643" sc="0" el="643" ec="0" bec="0" bev="0" fileid="1" />
              </SequencePoints>
              <BranchPoints />
            </Method>
            <Method visited="false" cyclomaticComplexity="0" nPathComplexity="0" sequenceCoverage="0.0" branchCoverage="0" crapScore="0" isConstructor="false" isStatic="false" isGetter="false" isSetter="false">
              <Summary numSequencePoints="9" visitedSequencePoints="0" numBranchPoints="0" visitedBranchPoints="0" sequenceCoverage="0.0" branchCoverage="0" maxCyclomaticComplexity="0" minCyclomaticComplexity="0" maxCrapScore="0" minCrapScore="0" visitedClasses="0" numClasses="0" visitedMethods="0" numMethods="1" />
              <MetadataToken>100663319</MetadataToken>
              <Name>System.Void DoorController::ReturnToStartScene()</Name>
              <FileRef uid="1" />
              <SequencePoints>
                <SequencePoint vc="0" uspid="257" ordinal="0" offset="0" sl="648" sc="0" el="648" ec="0" bec="0" bev="0" fileid="1" />
                <SequencePoint vc="0" uspid="258" ordinal="0" offset="13" sl="650" sc="0" el="650" ec="0" bec="0" bev="0" fileid="1" />
                <SequencePoint vc="0" uspid="259" ordinal="0" offset="34" sl="652" sc="0" el="652" ec="0" bec="0" bev="0" fileid="1" />
                <SequencePoint vc="0" uspid="260" ordinal="0" offset="48" sl="654" sc="0" el="654" ec="0" bec="0" bev="0" fileid="1" />
                <SequencePoint vc="0" uspid="261" ordinal="0" offset="60" sl="658" sc="0" el="658" ec="0" bec="0" bev="0" fileid="1" />
                <SequencePoint vc="0" uspid="262" ordinal="0" offset="86" sl="659" sc="0" el="659" ec="0" bec="0" bev="0" fileid="1" />
                <SequencePoint vc="0" uspid="263" ordinal="0" offset="105" sl="664" sc="0" el="664" ec="0" bec="0" bev="0" fileid="1" />
                <SequencePoint vc="0" uspid="264" ordinal="0" offset="115" sl="665" sc="0" el="665" ec="0" bec="0" bev="0" fileid="1" />
                <SequencePoint vc="0" uspid="265" ordinal="0" offset="133" sl="667" sc="0" el="667" ec="0" bec="0" bev="0" fileid="1" />
              </SequencePoints>
              <BranchPoints />
            </Method>
            <Method visited="false" cyclomaticComplexity="0" nPathComplexity="0" sequenceCoverage="0.0" branchCoverage="0" crapScore="0" isConstructor="false" isStatic="false" isGetter="false" isSetter="false">
              <Summary numSequencePoints="8" visitedSequencePoints="0" numBranchPoints="0" visitedBranchPoints="0" sequenceCoverage="0.0" branchCoverage="0" maxCyclomaticComplexity="0" minCyclomaticComplexity="0" maxCrapScore="0" minCrapScore="0" visitedClasses="0" numClasses="0" visitedMethods="0" numMethods="1" />
              <MetadataToken>100663320</MetadataToken>
              <Name>System.Boolean DoorController::IsSceneInBuildSettings(System.String)</Name>
              <FileRef uid="1" />
              <SequencePoints>
                <SequencePoint vc="0" uspid="266" ordinal="0" offset="0" sl="672" sc="0" el="672" ec="0" bec="0" bev="0" fileid="1" />
                <SequencePoint vc="0" uspid="267" ordinal="0" offset="4" sl="674" sc="0" el="674" ec="0" bec="0" bev="0" fileid="1" />
                <SequencePoint vc="0" uspid="268" ordinal="0" offset="10" sl="675" sc="0" el="675" ec="0" bec="0" bev="0" fileid="1" />
                <SequencePoint vc="0" uspid="269" ordinal="0" offset="15" sl="676" sc="0" el="676" ec="0" bec="0" bev="0" fileid="1" />
                <SequencePoint vc="0" uspid="270" ordinal="0" offset="23" sl="678" sc="0" el="678" ec="0" bec="0" bev="0" fileid="1" />
                <SequencePoint vc="0" uspid="271" ordinal="0" offset="25" sl="672" sc="0" el="672" ec="0" bec="0" bev="0" fileid="1" />
                <SequencePoint vc="0" uspid="272" ordinal="0" offset="29" sl="672" sc="0" el="672" ec="0" bec="0" bev="0" fileid="1" />
                <SequencePoint vc="0" uspid="273" ordinal="0" offset="37" sl="681" sc="0" el="681" ec="0" bec="0" bev="0" fileid="1" />
              </SequencePoints>
              <BranchPoints />
            </Method>
            <Method visited="false" cyclomaticComplexity="0" nPathComplexity="0" sequenceCoverage="0.0" branchCoverage="0" crapScore="0" isConstructor="false" isStatic="false" isGetter="false" isSetter="false">
              <Summary numSequencePoints="6" visitedSequencePoints="0" numBranchPoints="0" visitedBranchPoints="0" sequenceCoverage="0.0" branchCoverage="0" maxCyclomaticComplexity="0" minCyclomaticComplexity="0" maxCrapScore="0" minCrapScore="0" visitedClasses="0" numClasses="0" visitedMethods="0" numMethods="1" />
              <MetadataToken>100663321</MetadataToken>
              <Name>System.Int32 DoorController::GetCurrentLevel()</Name>
              <FileRef uid="1" />
              <SequencePoints>
                <SequencePoint vc="0" uspid="274" ordinal="0" offset="0" sl="687" sc="0" el="687" ec="0" bec="0" bev="0" fileid="1" />
                <SequencePoint vc="0" uspid="275" ordinal="0" offset="14" sl="688" sc="0" el="688" ec="0" bec="0" bev="0" fileid="1" />
                <SequencePoint vc="0" uspid="276" ordinal="0" offset="27" sl="690" sc="0" el="690" ec="0" bec="0" bev="0" fileid="1" />
                <SequencePoint vc="0" uspid="277" ordinal="0" offset="34" sl="692" sc="0" el="692" ec="0" bec="0" bev="0" fileid="1" />
                <SequencePoint vc="0" uspid="278" ordinal="0" offset="43" sl="694" sc="0" el="694" ec="0" bec="0" bev="0" fileid="1" />
                <SequencePoint vc="0" uspid="279" ordinal="0" offset="45" sl="697" sc="0" el="697" ec="0" bec="0" bev="0" fileid="1" />
              </SequencePoints>
              <BranchPoints />
            </Method>
            <Method visited="false" cyclomaticComplexity="0" nPathComplexity="0" sequenceCoverage="0.0" branchCoverage="0" crapScore="0" isConstructor="true" isStatic="false" isGetter="false" isSetter="false">
              <Summary numSequencePoints="8" visitedSequencePoints="0" numBranchPoints="0" visitedBranchPoints="0" sequenceCoverage="0.0" branchCoverage="0" maxCyclomaticComplexity="0" minCyclomaticComplexity="0" maxCrapScore="0" minCrapScore="0" visitedClasses="0" numClasses="0" visitedMethods="0" numMethods="1" />
              <MetadataToken>100663322</MetadataToken>
              <Name>DoorController::DoorController()</Name>
              <FileRef uid="1" />
              <SequencePoints>
                <SequencePoint vc="0" uspid="280" ordinal="0" offset="0" sl="10" sc="0" el="10" ec="0" bec="0" bev="0" fileid="1" />
                <SequencePoint vc="0" uspid="281" ordinal="0" offset="11" sl="11" sc="0" el="11" ec="0" bec="0" bev="0" fileid="1" />
                <SequencePoint vc="0" uspid="282" ordinal="0" offset="19" sl="15" sc="0" el="15" ec="0" bec="0" bev="0" fileid="1" />
                <SequencePoint vc="0" uspid="283" ordinal="0" offset="30" sl="16" sc="0" el="16" ec="0" bec="0" bev="0" fileid="1" />
                <SequencePoint vc="0" uspid="284" ordinal="0" offset="41" sl="30" sc="0" el="30" ec="0" bec="0" bev="0" fileid="1" />
                <SequencePoint vc="0" uspid="285" ordinal="0" offset="52" sl="31" sc="0" el="31" ec="0" bec="0" bev="0" fileid="1" />
                <SequencePoint vc="0" uspid="286" ordinal="0" offset="78" sl="42" sc="0" el="42" ec="0" bec="0" bev="0" fileid="1" />
                <SequencePoint vc="0" uspid="287" ordinal="0" offset="122" sl="45" sc="0" el="45" ec="0" bec="0" bev="0" fileid="1" />
              </SequencePoints>
              <BranchPoints />
            </Method>
          </Methods>
        </Class>
        <Class>
          <Summary numSequencePoints="28" visitedSequencePoints="0" numBranchPoints="0" visitedBranchPoints="0" sequenceCoverage="0.0" branchCoverage="0.0" maxCyclomaticComplexity="0" minCyclomaticComplexity="0" maxCrapScore="0" minCrapScore="0" visitedClasses="0" numClasses="1" visitedMethods="0" numMethods="5" />
          <FullName>CameraFollow2D</FullName>
          <Methods>
            <Method visited="false" cyclomaticComplexity="0" nPathComplexity="0" sequenceCoverage="0.0" branchCoverage="0" crapScore="0" isConstructor="false" isStatic="false" isGetter="false" isSetter="false">
              <Summary numSequencePoints="5" visitedSequencePoints="0" numBranchPoints="0" visitedBranchPoints="0" sequenceCoverage="0.0" branchCoverage="0" maxCyclomaticComplexity="0" minCyclomaticComplexity="0" maxCrapScore="0" minCrapScore="0" visitedClasses="0" numClasses="0" visitedMethods="0" numMethods="1" />
              <MetadataToken>100663323</MetadataToken>
              <Name>System.Void CameraFollow2D::Start()</Name>
              <FileRef uid="2" />
              <SequencePoints>
                <SequencePoint vc="0" uspid="288" ordinal="0" offset="0" sl="18" sc="0" el="18" ec="0" bec="0" bev="0" fileid="2" />
                <SequencePoint vc="0" uspid="289" ordinal="0" offset="14" sl="19" sc="0" el="19" ec="0" bec="0" bev="0" fileid="2" />
                <SequencePoint vc="0" uspid="290" ordinal="0" offset="35" sl="22" sc="0" el="22" ec="0" bec="0" bev="0" fileid="2" />
                <SequencePoint vc="0" uspid="291" ordinal="0" offset="49" sl="24" sc="0" el="24" ec="0" bec="0" bev="0" fileid="2" />
                <SequencePoint vc="0" uspid="292" ordinal="0" offset="66" sl="26" sc="0" el="26" ec="0" bec="0" bev="0" fileid="2" />
              </SequencePoints>
              <BranchPoints />
            </Method>
            <Method visited="false" cyclomaticComplexity="0" nPathComplexity="0" sequenceCoverage="0.0" branchCoverage="0" crapScore="0" isConstructor="false" isStatic="false" isGetter="false" isSetter="false">
              <Summary numSequencePoints="5" visitedSequencePoints="0" numBranchPoints="0" visitedBranchPoints="0" sequenceCoverage="0.0" branchCoverage="0" maxCyclomaticComplexity="0" minCyclomaticComplexity="0" maxCrapScore="0" minCrapScore="0" visitedClasses="0" numClasses="0" visitedMethods="0" numMethods="1" />
              <MetadataToken>100663324</MetadataToken>
              <Name>System.Void CameraFollow2D::LateUpdate()</Name>
              <FileRef uid="2" />
              <SequencePoints>
                <SequencePoint vc="0" uspid="293" ordinal="0" offset="0" sl="30" sc="0" el="30" ec="0" bec="0" bev="0" fileid="2" />
                <SequencePoint vc="0" uspid="294" ordinal="0" offset="14" sl="30" sc="0" el="30" ec="0" bec="0" bev="0" fileid="2" />
                <SequencePoint vc="0" uspid="295" ordinal="0" offset="15" sl="32" sc="0" el="32" ec="0" bec="0" bev="0" fileid="2" />
                <SequencePoint vc="0" uspid="296" ordinal="0" offset="22" sl="33" sc="0" el="33" ec="0" bec="0" bev="0" fileid="2" />
                <SequencePoint vc="0" uspid="297" ordinal="0" offset="62" sl="34" sc="0" el="34" ec="0" bec="0" bev="0" fileid="2" />
              </SequencePoints>
              <BranchPoints />
            </Method>
            <Method visited="false" cyclomaticComplexity="0" nPathComplexity="0" sequenceCoverage="0.0" branchCoverage="0" crapScore="0" isConstructor="false" isStatic="false" isGetter="false" isSetter="false">
              <Summary numSequencePoints="5" visitedSequencePoints="0" numBranchPoints="0" visitedBranchPoints="0" sequenceCoverage="0.0" branchCoverage="0" maxCyclomaticComplexity="0" minCyclomaticComplexity="0" maxCrapScore="0" minCrapScore="0" visitedClasses="0" numClasses="0" visitedMethods="0" numMethods="1" />
              <MetadataToken>100663325</MetadataToken>
              <Name>UnityEngine.Vector3 CameraFollow2D::GetTargetPosition()</Name>
              <FileRef uid="2" />
              <SequencePoints>
                <SequencePoint vc="0" uspid="298" ordinal="0" offset="0" sl="38" sc="0" el="38" ec="0" bec="0" bev="0" fileid="2" />
                <SequencePoint vc="0" uspid="299" ordinal="0" offset="23" sl="40" sc="0" el="40" ec="0" bec="0" bev="0" fileid="2" />
                <SequencePoint vc="0" uspid="300" ordinal="0" offset="31" sl="42" sc="0" el="42" ec="0" bec="0" bev="0" fileid="2" />
                <SequencePoint vc="0" uspid="301" ordinal="0" offset="61" sl="43" sc="0" el="43" ec="0" bec="0" bev="0" fileid="2" />
                <SequencePoint vc="0" uspid="302" ordinal="0" offset="91" sl="46" sc="0" el="46" ec="0" bec="0" bev="0" fileid="2" />
              </SequencePoints>
              <BranchPoints />
            </Method>
            <Method visited="false" cyclomaticComplexity="0" nPathComplexity="0" sequenceCoverage="0.0" branchCoverage="0" crapScore="0" isConstructor="false" isStatic="false" isGetter="false" isSetter="false">
              <Summary numSequencePoints="6" visitedSequencePoints="0" numBranchPoints="0" visitedBranchPoints="0" sequenceCoverage="0.0" branchCoverage="0" maxCyclomaticComplexity="0" minCyclomaticComplexity="0" maxCrapScore="0" minCrapScore="0" visitedClasses="0" numClasses="0" visitedMethods="0" numMethods="1" />
              <MetadataToken>100663326</MetadataToken>
              <Name>System.Void CameraFollow2D::SetCameraBounds(System.Single, System.Single, System.Single, System.Single)</Name>
              <FileRef uid="2" />
              <SequencePoints>
                <SequencePoint vc="0" uspid="303" ordinal="0" offset="0" sl="51" sc="0" el="51" ec="0" bec="0" bev="0" fileid="2" />
                <SequencePoint vc="0" uspid="304" ordinal="0" offset="7" sl="52" sc="0" el="52" ec="0" bec="0" bev="0" fileid="2" />
                <SequencePoint vc="0" uspid="305" ordinal="0" offset="14" sl="53" sc="0" el="53" ec="0" bec="0" bev="0" fileid="2" />
                <SequencePoint vc="0" uspid="306" ordinal="0" offset="21" sl="54" sc="0" el="54" ec="0" bec="0" bev="0" fileid="2" />
                <SequencePoint vc="0" uspid="307" ordinal="0" offset="29" sl="55" sc="0" el="55" ec="0" bec="0" bev="0" fileid="2" />
                <SequencePoint vc="0" uspid="308" ordinal="0" offset="36" sl="56" sc="0" el="56" ec="0" bec="0" bev="0" fileid="2" />
              </SequencePoints>
              <BranchPoints />
            </Method>
            <Method visited="false" cyclomaticComplexity="0" nPathComplexity="0" sequenceCoverage="0.0" branchCoverage="0" crapScore="0" isConstructor="true" isStatic="false" isGetter="false" isSetter="false">
              <Summary numSequencePoints="7" visitedSequencePoints="0" numBranchPoints="0" visitedBranchPoints="0" sequenceCoverage="0.0" branchCoverage="0" maxCyclomaticComplexity="0" minCyclomaticComplexity="0" maxCrapScore="0" minCrapScore="0" visitedClasses="0" numClasses="0" visitedMethods="0" numMethods="1" />
              <MetadataToken>100663327</MetadataToken>
              <Name>CameraFollow2D::CameraFollow2D()</Name>
              <FileRef uid="2" />
              <SequencePoints>
                <SequencePoint vc="0" uspid="309" ordinal="0" offset="0" sl="7" sc="0" el="7" ec="0" bec="0" bev="0" fileid="2" />
                <SequencePoint vc="0" uspid="310" ordinal="0" offset="11" sl="8" sc="0" el="8" ec="0" bec="0" bev="0" fileid="2" />
                <SequencePoint vc="0" uspid="311" ordinal="0" offset="37" sl="12" sc="0" el="12" ec="0" bec="0" bev="0" fileid="2" />
                <SequencePoint vc="0" uspid="312" ordinal="0" offset="48" sl="12" sc="0" el="12" ec="0" bec="0" bev="0" fileid="2" />
                <SequencePoint vc="0" uspid="313" ordinal="0" offset="59" sl="12" sc="0" el="12" ec="0" bec="0" bev="0" fileid="2" />
                <SequencePoint vc="0" uspid="314" ordinal="0" offset="70" sl="12" sc="0" el="12" ec="0" bec="0" bev="0" fileid="2" />
                <SequencePoint vc="0" uspid="315" ordinal="0" offset="81" sl="14" sc="0" el="14" ec="0" bec="0" bev="0" fileid="2" />
              </SequencePoints>
              <BranchPoints />
            </Method>
          </Methods>
        </Class>
        <Class>
          <Summary numSequencePoints="5" visitedSequencePoints="0" numBranchPoints="0" visitedBranchPoints="0" sequenceCoverage="0.0" branchCoverage="0.0" maxCyclomaticComplexity="0" minCyclomaticComplexity="0" maxCrapScore="0" minCrapScore="0" visitedClasses="0" numClasses="1" visitedMethods="0" numMethods="1" />
          <FullName>DontDestroyPlayer</FullName>
          <Methods>
            <Method visited="false" cyclomaticComplexity="0" nPathComplexity="0" sequenceCoverage="0.0" branchCoverage="0" crapScore="0" isConstructor="false" isStatic="false" isGetter="false" isSetter="false">
              <Summary numSequencePoints="5" visitedSequencePoints="0" numBranchPoints="0" visitedBranchPoints="0" sequenceCoverage="0.0" branchCoverage="0" maxCyclomaticComplexity="0" minCyclomaticComplexity="0" maxCrapScore="0" minCrapScore="0" visitedClasses="0" numClasses="0" visitedMethods="0" numMethods="1" />
              <MetadataToken>100663328</MetadataToken>
              <Name>System.Void DontDestroyPlayer::Awake()</Name>
              <FileRef uid="3" />
              <SequencePoints>
                <SequencePoint vc="0" uspid="316" ordinal="0" offset="0" sl="10" sc="0" el="10" ec="0" bec="0" bev="0" fileid="3" />
                <SequencePoint vc="0" uspid="317" ordinal="0" offset="13" sl="12" sc="0" el="12" ec="0" bec="0" bev="0" fileid="3" />
                <SequencePoint vc="0" uspid="318" ordinal="0" offset="24" sl="13" sc="0" el="13" ec="0" bec="0" bev="0" fileid="3" />
                <SequencePoint vc="0" uspid="319" ordinal="0" offset="36" sl="18" sc="0" el="18" ec="0" bec="0" bev="0" fileid="3" />
                <SequencePoint vc="0" uspid="320" ordinal="0" offset="47" sl="20" sc="0" el="20" ec="0" bec="0" bev="0" fileid="3" />
              </SequencePoints>
              <BranchPoints />
            </Method>
          </Methods>
        </Class>
        <Class>
          <Summary numSequencePoints="24" visitedSequencePoints="0" numBranchPoints="0" visitedBranchPoints="0" sequenceCoverage="0.0" branchCoverage="0.0" maxCyclomaticComplexity="0" minCyclomaticComplexity="0" maxCrapScore="0" minCrapScore="0" visitedClasses="0" numClasses="1" visitedMethods="0" numMethods="7" />
          <FullName>Mirror</FullName>
          <Methods>
            <Method visited="false" cyclomaticComplexity="0" nPathComplexity="0" sequenceCoverage="0.0" branchCoverage="0" crapScore="0" isConstructor="false" isStatic="false" isGetter="false" isSetter="false">
              <Summary numSequencePoints="3" visitedSequencePoints="0" numBranchPoints="0" visitedBranchPoints="0" sequenceCoverage="0.0" branchCoverage="0" maxCyclomaticComplexity="0" minCyclomaticComplexity="0" maxCrapScore="0" minCrapScore="0" visitedClasses="0" numClasses="0" visitedMethods="0" numMethods="1" />
              <MetadataToken>100663330</MetadataToken>
              <Name>System.Void Mirror::OnTriggerEnter2D(UnityEngine.Collider2D)</Name>
              <FileRef uid="4" />
              <SequencePoints>
                <SequencePoint vc="0" uspid="321" ordinal="0" offset="0" sl="28" sc="0" el="28" ec="0" bec="0" bev="0" fileid="4" />
                <SequencePoint vc="0" uspid="322" ordinal="0" offset="13" sl="30" sc="0" el="30" ec="0" bec="0" bev="0" fileid="4" />
                <SequencePoint vc="0" uspid="323" ordinal="0" offset="24" sl="32" sc="0" el="32" ec="0" bec="0" bev="0" fileid="4" />
              </SequencePoints>
              <BranchPoints />
            </Method>
            <Method visited="false" cyclomaticComplexity="0" nPathComplexity="0" sequenceCoverage="0.0" branchCoverage="0" crapScore="0" isConstructor="false" isStatic="false" isGetter="false" isSetter="false">
              <Summary numSequencePoints="4" visitedSequencePoints="0" numBranchPoints="0" visitedBranchPoints="0" sequenceCoverage="0.0" branchCoverage="0" maxCyclomaticComplexity="0" minCyclomaticComplexity="0" maxCrapScore="0" minCrapScore="0" visitedClasses="0" numClasses="0" visitedMethods="0" numMethods="1" />
              <MetadataToken>100663331</MetadataToken>
              <Name>System.Void Mirror::OnTriggerExit2D(UnityEngine.Collider2D)</Name>
              <FileRef uid="4" />
              <SequencePoints>
                <SequencePoint vc="0" uspid="324" ordinal="0" offset="0" sl="36" sc="0" el="36" ec="0" bec="0" bev="0" fileid="4" />
[...]
          <FullName>TMPro.Examples.VertexZoom/&lt;&gt;c__DisplayClass10_0</FullName>
          <Methods>
            <Method visited="false" cyclomaticComplexity="0" nPathComplexity="0" sequenceCoverage="0.0" branchCoverage="0" crapScore="0" isConstructor="false" isStatic="false" isGetter="false" isSetter="false">
              <Summary numSequencePoints="1" visitedSequencePoints="0" numBranchPoints="0" visitedBranchPoints="0" sequenceCoverage="0.0" branchCoverage="0" maxCyclomaticComplexity="0" minCyclomaticComplexity="0" maxCrapScore="0" minCrapScore="0" visitedClasses="0" numClasses="0" visitedMethods="0" numMethods="1" />
              <MetadataToken>100663895</MetadataToken>
              <Name>System.Int32 TMPro.Examples.VertexZoom/&lt;&gt;c__DisplayClass10_0::&lt;AnimateVertexColors&gt;b__0(System.Int32, System.Int32)</Name>
              <FileRef uid="58" />
              <SequencePoints>
                <SequencePoint vc="0" uspid="3164" ordinal="0" offset="0" sl="175" sc="0" el="175" ec="0" bec="0" bev="0" fileid="58" />
              </SequencePoints>
              <BranchPoints />
            </Method>
          </Methods>
        </Class>
        <Class>
          <Summary numSequencePoints="65" visitedSequencePoints="0" numBranchPoints="0" visitedBranchPoints="0" sequenceCoverage="0.0" branchCoverage="0.0" maxCyclomaticComplexity="0" minCyclomaticComplexity="0" maxCrapScore="0" minCrapScore="0" visitedClasses="0" numClasses="1" visitedMethods="0" numMethods="1" />
          <FullName>TMPro.Examples.VertexZoom/&lt;AnimateVertexColors&gt;d__10</FullName>
          <Methods>
            <Method visited="false" cyclomaticComplexity="0" nPathComplexity="0" sequenceCoverage="0.0" branchCoverage="0" crapScore="0" isConstructor="false" isStatic="false" isGetter="false" isSetter="false">
              <Summary numSequencePoints="65" visitedSequencePoints="0" numBranchPoints="0" visitedBranchPoints="0" sequenceCoverage="0.0" branchCoverage="0" maxCyclomaticComplexity="0" minCyclomaticComplexity="0" maxCrapScore="0" minCrapScore="0" visitedClasses="0" numClasses="0" visitedMethods="0" numMethods="1" />
              <MetadataToken>100663898</MetadataToken>
              <Name>System.Boolean TMPro.Examples.VertexZoom/&lt;AnimateVertexColors&gt;d__10::MoveNext()</Name>
              <FileRef uid="58" />
              <SequencePoints>
                <SequencePoint vc="0" uspid="3165" ordinal="0" offset="52" sl="59" sc="0" el="59" ec="0" bec="0" bev="0" fileid="58" />
                <SequencePoint vc="0" uspid="3166" ordinal="0" offset="65" sl="61" sc="0" el="61" ec="0" bec="0" bev="0" fileid="58" />
                <SequencePoint vc="0" uspid="3167" ordinal="0" offset="82" sl="64" sc="0" el="64" ec="0" bec="0" bev="0" fileid="58" />
                <SequencePoint vc="0" uspid="3168" ordinal="0" offset="99" sl="67" sc="0" el="67" ec="0" bec="0" bev="0" fileid="58" />
                <SequencePoint vc="0" uspid="3169" ordinal="0" offset="115" sl="68" sc="0" el="68" ec="0" bec="0" bev="0" fileid="58" />
                <SequencePoint vc="0" uspid="3170" ordinal="0" offset="126" sl="70" sc="0" el="70" ec="0" bec="0" bev="0" fileid="58" />
                <SequencePoint vc="0" uspid="3171" ordinal="0" offset="133" sl="75" sc="0" el="75" ec="0" bec="0" bev="0" fileid="58" />
                <SequencePoint vc="0" uspid="3172" ordinal="0" offset="141" sl="78" sc="0" el="78" ec="0" bec="0" bev="0" fileid="58" />
                <SequencePoint vc="0" uspid="3173" ordinal="0" offset="158" sl="80" sc="0" el="80" ec="0" bec="0" bev="0" fileid="58" />
                <SequencePoint vc="0" uspid="3174" ordinal="0" offset="165" sl="83" sc="0" el="83" ec="0" bec="0" bev="0" fileid="58" />
                <SequencePoint vc="0" uspid="3175" ordinal="0" offset="177" sl="86" sc="0" el="86" ec="0" bec="0" bev="0" fileid="58" />
                <SequencePoint vc="0" uspid="3176" ordinal="0" offset="180" sl="88" sc="0" el="88" ec="0" bec="0" bev="0" fileid="58" />
                <SequencePoint vc="0" uspid="3177" ordinal="0" offset="212" sl="89" sc="0" el="89" ec="0" bec="0" bev="0" fileid="58" />
                <SequencePoint vc="0" uspid="3178" ordinal="0" offset="214" sl="93" sc="0" el="93" ec="0" bec="0" bev="0" fileid="58" />
                <SequencePoint vc="0" uspid="3179" ordinal="0" offset="230" sl="94" sc="0" el="94" ec="0" bec="0" bev="0" fileid="58" />
                <SequencePoint vc="0" uspid="3180" ordinal="0" offset="241" sl="96" sc="0" el="96" ec="0" bec="0" bev="0" fileid="58" />
                <SequencePoint vc="0" uspid="3181" ordinal="0" offset="249" sl="98" sc="0" el="98" ec="0" bec="0" bev="0" fileid="58" />
                <SequencePoint vc="0" uspid="3182" ordinal="0" offset="267" sl="101" sc="0" el="101" ec="0" bec="0" bev="0" fileid="58" />
                <SequencePoint vc="0" uspid="3183" ordinal="0" offset="277" sl="105" sc="0" el="105" ec="0" bec="0" bev="0" fileid="58" />
                <SequencePoint vc="0" uspid="3184" ordinal="0" offset="302" sl="108" sc="0" el="108" ec="0" bec="0" bev="0" fileid="58" />
                <SequencePoint vc="0" uspid="3185" ordinal="0" offset="327" sl="111" sc="0" el="111" ec="0" bec="0" bev="0" fileid="58" />
                <SequencePoint vc="0" uspid="3186" ordinal="0" offset="347" sl="116" sc="0" el="116" ec="0" bec="0" bev="0" fileid="58" />
                <SequencePoint vc="0" uspid="3187" ordinal="0" offset="387" sl="120" sc="0" el="120" ec="0" bec="0" bev="0" fileid="58" />
                <SequencePoint vc="0" uspid="3188" ordinal="0" offset="394" sl="122" sc="0" el="122" ec="0" bec="0" bev="0" fileid="58" />
                <SequencePoint vc="0" uspid="3189" ordinal="0" offset="419" sl="124" sc="0" el="124" ec="0" bec="0" bev="0" fileid="58" />
                <SequencePoint vc="0" uspid="3190" ordinal="0" offset="444" sl="125" sc="0" el="125" ec="0" bec="0" bev="0" fileid="58" />
                <SequencePoint vc="0" uspid="3191" ordinal="0" offset="473" sl="126" sc="0" el="126" ec="0" bec="0" bev="0" fileid="58" />
                <SequencePoint vc="0" uspid="3192" ordinal="0" offset="502" sl="127" sc="0" el="127" ec="0" bec="0" bev="0" fileid="58" />
                <SequencePoint vc="0" uspid="3193" ordinal="0" offset="531" sl="132" sc="0" el="132" ec="0" bec="0" bev="0" fileid="58" />
                <SequencePoint vc="0" uspid="3194" ordinal="0" offset="548" sl="135" sc="0" el="135" ec="0" bec="0" bev="0" fileid="58" />
                <SequencePoint vc="0" uspid="3195" ordinal="0" offset="566" sl="136" sc="0" el="136" ec="0" bec="0" bev="0" fileid="58" />
                <SequencePoint vc="0" uspid="3196" ordinal="0" offset="595" sl="140" sc="0" el="140" ec="0" bec="0" bev="0" fileid="58" />
                <SequencePoint vc="0" uspid="3197" ordinal="0" offset="638" sl="142" sc="0" el="142" ec="0" bec="0" bev="0" fileid="58" />
                <SequencePoint vc="0" uspid="3198" ordinal="0" offset="663" sl="143" sc="0" el="143" ec="0" bec="0" bev="0" fileid="58" />
                <SequencePoint vc="0" uspid="3199" ordinal="0" offset="692" sl="144" sc="0" el="144" ec="0" bec="0" bev="0" fileid="58" />
                <SequencePoint vc="0" uspid="3200" ordinal="0" offset="721" sl="145" sc="0" el="145" ec="0" bec="0" bev="0" fileid="58" />
                <SequencePoint vc="0" uspid="3201" ordinal="0" offset="750" sl="147" sc="0" el="147" ec="0" bec="0" bev="0" fileid="58" />
                <SequencePoint vc="0" uspid="3202" ordinal="0" offset="777" sl="148" sc="0" el="148" ec="0" bec="0" bev="0" fileid="58" />
                <SequencePoint vc="0" uspid="3203" ordinal="0" offset="806" sl="149" sc="0" el="149" ec="0" bec="0" bev="0" fileid="58" />
                <SequencePoint vc="0" uspid="3204" ordinal="0" offset="835" sl="150" sc="0" el="150" ec="0" bec="0" bev="0" fileid="58" />
                <SequencePoint vc="0" uspid="3205" ordinal="0" offset="864" sl="153" sc="0" el="153" ec="0" bec="0" bev="0" fileid="58" />
                <SequencePoint vc="0" uspid="3206" ordinal="0" offset="884" sl="154" sc="0" el="154" ec="0" bec="0" bev="0" fileid="58" />
                <SequencePoint vc="0" uspid="3207" ordinal="0" offset="907" sl="156" sc="0" el="156" ec="0" bec="0" bev="0" fileid="58" />
                <SequencePoint vc="0" uspid="3208" ordinal="0" offset="924" sl="157" sc="0" el="157" ec="0" bec="0" bev="0" fileid="58" />
                <SequencePoint vc="0" uspid="3209" ordinal="0" offset="945" sl="158" sc="0" el="158" ec="0" bec="0" bev="0" fileid="58" />
                <SequencePoint vc="0" uspid="3210" ordinal="0" offset="966" sl="159" sc="0" el="159" ec="0" bec="0" bev="0" fileid="58" />
                <SequencePoint vc="0" uspid="3211" ordinal="0" offset="986" sl="162" sc="0" el="162" ec="0" bec="0" bev="0" fileid="58" />
                <SequencePoint vc="0" uspid="3212" ordinal="0" offset="1006" sl="163" sc="0" el="163" ec="0" bec="0" bev="0" fileid="58" />
                <SequencePoint vc="0" uspid="3213" ordinal="0" offset="1029" sl="165" sc="0" el="165" ec="0" bec="0" bev="0" fileid="58" />
                <SequencePoint vc="0" uspid="3214" ordinal="0" offset="1046" sl="166" sc="0" el="166" ec="0" bec="0" bev="0" fileid="58" />
                <SequencePoint vc="0" uspid="3215" ordinal="0" offset="1067" sl="167" sc="0" el="167" ec="0" bec="0" bev="0" fileid="58" />
                <SequencePoint vc="0" uspid="3216" ordinal="0" offset="1088" sl="168" sc="0" el="168" ec="0" bec="0" bev="0" fileid="58" />
                <SequencePoint vc="0" uspid="3217" ordinal="0" offset="1108" sl="96" sc="0" el="96" ec="0" bec="0" bev="0" fileid="58" />
                <SequencePoint vc="0" uspid="3218" ordinal="0" offset="1114" sl="96" sc="0" el="96" ec="0" bec="0" bev="0" fileid="58" />
                <SequencePoint vc="0" uspid="3219" ordinal="0" offset="1122" sl="172" sc="0" el="172" ec="0" bec="0" bev="0" fileid="58" />
                <SequencePoint vc="0" uspid="3220" ordinal="0" offset="1130" sl="175" sc="0" el="175" ec="0" bec="0" bev="0" fileid="58" />
                <SequencePoint vc="0" uspid="3221" ordinal="0" offset="1189" sl="177" sc="0" el="177" ec="0" bec="0" bev="0" fileid="58" />
                <SequencePoint vc="0" uspid="3222" ordinal="0" offset="1218" sl="180" sc="0" el="180" ec="0" bec="0" bev="0" fileid="58" />
                <SequencePoint vc="0" uspid="3223" ordinal="0" offset="1269" sl="181" sc="0" el="181" ec="0" bec="0" bev="0" fileid="58" />
                <SequencePoint vc="0" uspid="3224" ordinal="0" offset="1320" sl="182" sc="0" el="182" ec="0" bec="0" bev="0" fileid="58" />
                <SequencePoint vc="0" uspid="3225" ordinal="0" offset="1371" sl="184" sc="0" el="184" ec="0" bec="0" bev="0" fileid="58" />
                <SequencePoint vc="0" uspid="3226" ordinal="0" offset="1407" sl="172" sc="0" el="172" ec="0" bec="0" bev="0" fileid="58" />
                <SequencePoint vc="0" uspid="3227" ordinal="0" offset="1413" sl="172" sc="0" el="172" ec="0" bec="0" bev="0" fileid="58" />
                <SequencePoint vc="0" uspid="3228" ordinal="0" offset="1433" sl="187" sc="0" el="187" ec="0" bec="0" bev="0" fileid="58" />
                <SequencePoint vc="0" uspid="3229" ordinal="0" offset="1465" sl="72" sc="0" el="72" ec="0" bec="0" bev="0" fileid="58" />
              </SequencePoints>
              <BranchPoints />
            </Method>
          </Methods>
        </Class>
        <Class>
          <Summary numSequencePoints="50" visitedSequencePoints="0" numBranchPoints="0" visitedBranchPoints="0" sequenceCoverage="0.0" branchCoverage="0.0" maxCyclomaticComplexity="0" minCyclomaticComplexity="0" maxCrapScore="0" minCrapScore="0" visitedClasses="0" numClasses="1" visitedMethods="0" numMethods="1" />
          <FullName>TMPro.Examples.WarpTextExample/&lt;WarpText&gt;d__8</FullName>
          <Methods>
            <Method visited="false" cyclomaticComplexity="0" nPathComplexity="0" sequenceCoverage="0.0" branchCoverage="0" crapScore="0" isConstructor="false" isStatic="false" isGetter="false" isSetter="false">
              <Summary numSequencePoints="50" visitedSequencePoints="0" numBranchPoints="0" visitedBranchPoints="0" sequenceCoverage="0.0" branchCoverage="0" maxCyclomaticComplexity="0" minCyclomaticComplexity="0" maxCrapScore="0" minCrapScore="0" visitedClasses="0" numClasses="0" visitedMethods="0" numMethods="1" />
              <MetadataToken>100663904</MetadataToken>
              <Name>System.Boolean TMPro.Examples.WarpTextExample/&lt;WarpText&gt;d__8::MoveNext()</Name>
              <FileRef uid="59" />
              <SequencePoints>
                <SequencePoint vc="0" uspid="3230" ordinal="0" offset="41" sl="47" sc="0" el="47" ec="0" bec="0" bev="0" fileid="59" />
                <SequencePoint vc="0" uspid="3231" ordinal="0" offset="53" sl="48" sc="0" el="48" ec="0" bec="0" bev="0" fileid="59" />
                <SequencePoint vc="0" uspid="3232" ordinal="0" offset="65" sl="55" sc="0" el="55" ec="0" bec="0" bev="0" fileid="59" />
                <SequencePoint vc="0" uspid="3233" ordinal="0" offset="77" sl="56" sc="0" el="56" ec="0" bec="0" bev="0" fileid="59" />
                <SequencePoint vc="0" uspid="3234" ordinal="0" offset="95" sl="57" sc="0" el="57" ec="0" bec="0" bev="0" fileid="59" />
                <SequencePoint vc="0" uspid="3235" ordinal="0" offset="107" sl="58" sc="0" el="58" ec="0" bec="0" bev="0" fileid="59" />
                <SequencePoint vc="0" uspid="3236" ordinal="0" offset="125" sl="62" sc="0" el="62" ec="0" bec="0" bev="0" fileid="59" />
                <SequencePoint vc="0" uspid="3237" ordinal="0" offset="198" sl="64" sc="0" el="64" ec="0" bec="0" bev="0" fileid="59" />
                <SequencePoint vc="0" uspid="3238" ordinal="0" offset="221" sl="65" sc="0" el="65" ec="0" bec="0" bev="0" fileid="59" />
                <SequencePoint vc="0" uspid="3239" ordinal="0" offset="223" sl="68" sc="0" el="68" ec="0" bec="0" bev="0" fileid="59" />
                <SequencePoint vc="0" uspid="3240" ordinal="0" offset="235" sl="69" sc="0" el="69" ec="0" bec="0" bev="0" fileid="59" />
                <SequencePoint vc="0" uspid="3241" ordinal="0" offset="253" sl="71" sc="0" el="71" ec="0" bec="0" bev="0" fileid="59" />
                <SequencePoint vc="0" uspid="3242" ordinal="0" offset="266" sl="73" sc="0" el="73" ec="0" bec="0" bev="0" fileid="59" />
                <SequencePoint vc="0" uspid="3243" ordinal="0" offset="279" sl="74" sc="0" el="74" ec="0" bec="0" bev="0" fileid="59" />
                <SequencePoint vc="0" uspid="3244" ordinal="0" offset="288" sl="77" sc="0" el="77" ec="0" bec="0" bev="0" fileid="59" />
                <SequencePoint vc="0" uspid="3245" ordinal="0" offset="295" sl="82" sc="0" el="82" ec="0" bec="0" bev="0" fileid="59" />
                <SequencePoint vc="0" uspid="3246" ordinal="0" offset="322" sl="83" sc="0" el="83" ec="0" bec="0" bev="0" fileid="59" />
                <SequencePoint vc="0" uspid="3247" ordinal="0" offset="349" sl="87" sc="0" el="87" ec="0" bec="0" bev="0" fileid="59" />
                <SequencePoint vc="0" uspid="3248" ordinal="0" offset="357" sl="89" sc="0" el="89" ec="0" bec="0" bev="0" fileid="59" />
                <SequencePoint vc="0" uspid="3249" ordinal="0" offset="381" sl="92" sc="0" el="92" ec="0" bec="0" bev="0" fileid="59" />
                <SequencePoint vc="0" uspid="3250" ordinal="0" offset="402" sl="95" sc="0" el="95" ec="0" bec="0" bev="0" fileid="59" />
                <SequencePoint vc="0" uspid="3251" ordinal="0" offset="423" sl="97" sc="0" el="97" ec="0" bec="0" bev="0" fileid="59" />
                <SequencePoint vc="0" uspid="3252" ordinal="0" offset="443" sl="100" sc="0" el="100" ec="0" bec="0" bev="0" fileid="59" />
                <SequencePoint vc="0" uspid="3253" ordinal="0" offset="509" sl="104" sc="0" el="104" ec="0" bec="0" bev="0" fileid="59" />
                <SequencePoint vc="0" uspid="3254" ordinal="0" offset="540" sl="105" sc="0" el="105" ec="0" bec="0" bev="0" fileid="59" />
                <SequencePoint vc="0" uspid="3255" ordinal="0" offset="573" sl="106" sc="0" el="106" ec="0" bec="0" bev="0" fileid="59" />
                <SequencePoint vc="0" uspid="3256" ordinal="0" offset="606" sl="107" sc="0" el="107" ec="0" bec="0" bev="0" fileid="59" />
                <SequencePoint vc="0" uspid="3257" ordinal="0" offset="639" sl="110" sc="0" el="110" ec="0" bec="0" bev="0" fileid="59" />
                <SequencePoint vc="0" uspid="3258" ordinal="0" offset="657" sl="111" sc="0" el="111" ec="0" bec="0" bev="0" fileid="59" />
                <SequencePoint vc="0" uspid="3259" ordinal="0" offset="667" sl="112" sc="0" el="112" ec="0" bec="0" bev="0" fileid="59" />
                <SequencePoint vc="0" uspid="3260" ordinal="0" offset="689" sl="113" sc="0" el="113" ec="0" bec="0" bev="0" fileid="59" />
                <SequencePoint vc="0" uspid="3261" ordinal="0" offset="711" sl="115" sc="0" el="115" ec="0" bec="0" bev="0" fileid="59" />
                <SequencePoint vc="0" uspid="3262" ordinal="0" offset="731" sl="117" sc="0" el="117" ec="0" bec="0" bev="0" fileid="59" />
                <SequencePoint vc="0" uspid="3263" ordinal="0" offset="770" sl="119" sc="0" el="119" ec="0" bec="0" bev="0" fileid="59" />
                <SequencePoint vc="0" uspid="3264" ordinal="0" offset="796" sl="120" sc="0" el="120" ec="0" bec="0" bev="0" fileid="59" />
                <SequencePoint vc="0" uspid="3265" ordinal="0" offset="803" sl="121" sc="0" el="121" ec="0" bec="0" bev="0" fileid="59" />
                <SequencePoint vc="0" uspid="3266" ordinal="0" offset="829" sl="123" sc="0" el="123" ec="0" bec="0" bev="0" fileid="59" />
                <SequencePoint vc="0" uspid="3267" ordinal="0" offset="874" sl="125" sc="0" el="125" ec="0" bec="0" bev="0" fileid="59" />
                <SequencePoint vc="0" uspid="3268" ordinal="0" offset="897" sl="126" sc="0" el="126" ec="0" bec="0" bev="0" fileid="59" />
                <SequencePoint vc="0" uspid="3269" ordinal="0" offset="924" sl="127" sc="0" el="127" ec="0" bec="0" bev="0" fileid="59" />
                <SequencePoint vc="0" uspid="3270" ordinal="0" offset="951" sl="128" sc="0" el="128" ec="0" bec="0" bev="0" fileid="59" />
                <SequencePoint vc="0" uspid="3271" ordinal="0" offset="978" sl="130" sc="0" el="130" ec="0" bec="0" bev="0" fileid="59" />
                <SequencePoint vc="0" uspid="3272" ordinal="0" offset="1004" sl="131" sc="0" el="131" ec="0" bec="0" bev="0" fileid="59" />
                <SequencePoint vc="0" uspid="3273" ordinal="0" offset="1032" sl="132" sc="0" el="132" ec="0" bec="0" bev="0" fileid="59" />
                <SequencePoint vc="0" uspid="3274" ordinal="0" offset="1060" sl="133" sc="0" el="133" ec="0" bec="0" bev="0" fileid="59" />
                <SequencePoint vc="0" uspid="3275" ordinal="0" offset="1088" sl="87" sc="0" el="87" ec="0" bec="0" bev="0" fileid="59" />
                <SequencePoint vc="0" uspid="3276" ordinal="0" offset="1094" sl="87" sc="0" el="87" ec="0" bec="0" bev="0" fileid="59" />
                <SequencePoint vc="0" uspid="3277" ordinal="0" offset="1103" sl="138" sc="0" el="138" ec="0" bec="0" bev="0" fileid="59" />
                <SequencePoint vc="0" uspid="3278" ordinal="0" offset="1114" sl="140" sc="0" el="140" ec="0" bec="0" bev="0" fileid="59" />
                <SequencePoint vc="0" uspid="3279" ordinal="0" offset="1146" sl="60" sc="0" el="60" ec="0" bec="0" bev="0" fileid="59" />
              </SequencePoints>
              <BranchPoints />
            </Method>
          </Methods>
        </Class>
      </Classes>
    </Module>
  </Modules>
</CoverageSession>